13:06:55 INFO  : Registering command handlers for SDK TCF services
13:06:59 INFO  : Launching XSCT server: xsct.bat -interactive D:\Studia\Magisterka\1_semestr\sdup\lab\2_1\cordic_acc\cordic_acc.sdk\temp_xsdb_launch_script.tcl
13:07:16 INFO  : XSCT server has started successfully.
13:07:36 INFO  : Processing command line option -hwspec D:/Studia/Magisterka/1_semestr/sdup/lab/2_1/cordic_acc/cordic_acc.sdk/mb_design_wrapper.hdf.
13:07:37 INFO  : Successfully done setting XSCT server connection channel  
13:07:52 INFO  : Successfully done setting SDK workspace  
13:14:02 INFO  : Launching XSCT server: xsct.bat -interactive D:\Studia\Magisterka\1_semestr\sdup\lab\2_1\cordic_acc\cordic_acc.sdk\temp_xsdb_launch_script.tcl
13:14:05 INFO  : XSCT server has started successfully.
13:14:14 INFO  : Successfully done setting XSCT server connection channel  
13:14:14 INFO  : Successfully done setting SDK workspace  
13:14:20 INFO  : Registering command handlers for SDK TCF services
13:14:25 INFO  : Processing command line option -hwspec D:/Studia/Magisterka/1_semestr/sdup/lab/2_1/cordic_acc/cordic_acc.sdk/mb_design_wrapper.hdf.
13:14:25 INFO  : Checking for hwspec changes in the project mb_design_wrapper_hw_platform_0.
18:10:23 INFO  : Registering command handlers for SDK TCF services
18:10:24 INFO  : Launching XSCT server: xsct.bat -interactive D:\Studia\Magisterka\1_semestr\sdup\lab\2_1\cordic_acc\cordic_acc.sdk\temp_xsdb_launch_script.tcl
18:10:29 INFO  : XSCT server has started successfully.
18:10:32 INFO  : Successfully done setting XSCT server connection channel  
18:10:32 INFO  : Successfully done setting SDK workspace  
18:10:32 INFO  : Processing command line option -hwspec D:/Studia/Magisterka/1_semestr/sdup/lab/2_1/cordic_acc/cordic_acc.sdk/mb_design_wrapper.hdf.
18:10:32 INFO  : Checking for hwspec changes in the project mb_design_wrapper_hw_platform_0.
18:24:41 INFO  : Registering command handlers for SDK TCF services
18:24:44 INFO  : Launching XSCT server: xsct.bat -interactive D:\Studia\Magisterka\1_semestr\sdup\lab\2_1\cordic_acc\cordic_acc.sdk\temp_xsdb_launch_script.tcl
18:24:50 INFO  : XSCT server has started successfully.
18:24:51 INFO  : Successfully done setting XSCT server connection channel  
18:24:51 INFO  : Successfully done setting SDK workspace  
18:24:51 INFO  : Processing command line option -hwspec D:/Studia/Magisterka/1_semestr/sdup/lab/2_1/cordic_acc/cordic_acc.sdk/mb_design_wrapper.hdf.
18:24:51 INFO  : Checking for hwspec changes in the project mb_design_wrapper_hw_platform_0.
