#-----------------------------------------------------------
# Vivado v2018.3 (64-bit)
# SW Build 2405991 on Thu Dec  6 23:38:27 MST 2018
# IP Build 2404404 on Fri Dec  7 01:43:56 MST 2018
# Start of session at: Fri Jun 23 10:45:48 2023
# Process ID: 18600
# Current directory: C:/New folder/sdup/lab/final_project/Taylor_mod
# Command line: vivado.exe -gui_launcher_event rodinguilauncherevent19688 C:\New folder\sdup\lab\final_project\Taylor_mod\Taylor_mod.xpr
# Log file: C:/New folder/sdup/lab/final_project/Taylor_mod/vivado.log
# Journal file: C:/New folder/sdup/lab/final_project/Taylor_mod\vivado.jou
#-----------------------------------------------------------
start_gui
open_project {C:/New folder/sdup/lab/final_project/Taylor_mod/Taylor_mod.xpr}
INFO: [Project 1-313] Project file moved from 'C:/sdup2/sdup/lab/final_project/Taylor_mod' since last save.
Scanning sources...
Finished scanning sources
INFO: [IP_Flow 19-234] Refreshing IP repositories
INFO: [IP_Flow 19-1704] No user IP repositories specified
INFO: [IP_Flow 19-2313] Loaded Vivado IP repository 'C:/MyPrograms/Vivado/Vivado/2018.3/data/ip'.
open_project: Time (s): cpu = 00:00:18 ; elapsed = 00:00:10 . Memory (MB): peak = 662.980 ; gain = 105.879
