#-----------------------------------------------------------
# Vivado v2018.3 (64-bit)
# SW Build 2405991 on Thu Dec  6 23:38:27 MST 2018
# IP Build 2404404 on Fri Dec  7 01:43:56 MST 2018
# Start of session at: Wed Mar 15 18:07:52 2023
# Process ID: 21196
# Current directory: D:/Studia/Magisterka/1_semestr/sdup/lab/2_1/cordic_acc
# Command line: vivado.exe -gui_launcher_event rodinguilauncherevent4148 D:\Studia\Magisterka\1_semestr\sdup\lab\2_1\cordic_acc\cordic_acc.xpr
# Log file: D:/Studia/Magisterka/1_semestr/sdup/lab/2_1/cordic_acc/vivado.log
# Journal file: D:/Studia/Magisterka/1_semestr/sdup/lab/2_1/cordic_acc\vivado.jou
#-----------------------------------------------------------
start_gui
open_project D:/Studia/Magisterka/1_semestr/sdup/lab/2_1/cordic_acc/cordic_acc.xpr
Scanning sources...
Finished scanning sources
INFO: [IP_Flow 19-234] Refreshing IP repositories
INFO: [IP_Flow 19-1700] Loaded user IP repository 'd:/Studia/Magisterka/1_semestr/sdup/lab/2_1/ip_repo/cordic_ip_1.0'.
INFO: [IP_Flow 19-2313] Loaded Vivado IP repository 'C:/MyPrograms/Vivado/Vivado/2018.3/data/ip'.
WARNING: [IP_Flow 19-3664] IP 'mb_design_cordic_ip_0_1' generated file not found 'd:/Studia/Magisterka/1_semestr/sdup/lab/2_1/cordic_acc/cordic_acc.srcs/sources_1/bd/mb_design/ip/mb_design_cordic_ip_0_1/mb_design_cordic_ip_0_1.dcp'. Please regenerate to continue.
WARNING: [IP_Flow 19-3664] IP 'mb_design_cordic_ip_0_1' generated file not found 'd:/Studia/Magisterka/1_semestr/sdup/lab/2_1/cordic_acc/cordic_acc.srcs/sources_1/bd/mb_design/ip/mb_design_cordic_ip_0_1/mb_design_cordic_ip_0_1_stub.v'. Please regenerate to continue.
WARNING: [IP_Flow 19-3664] IP 'mb_design_cordic_ip_0_1' generated file not found 'd:/Studia/Magisterka/1_semestr/sdup/lab/2_1/cordic_acc/cordic_acc.srcs/sources_1/bd/mb_design/ip/mb_design_cordic_ip_0_1/mb_design_cordic_ip_0_1_stub.vhdl'. Please regenerate to continue.
WARNING: [IP_Flow 19-3664] IP 'mb_design_cordic_ip_0_1' generated file not found 'd:/Studia/Magisterka/1_semestr/sdup/lab/2_1/cordic_acc/cordic_acc.srcs/sources_1/bd/mb_design/ip/mb_design_cordic_ip_0_1/mb_design_cordic_ip_0_1_sim_netlist.v'. Please regenerate to continue.
WARNING: [IP_Flow 19-3664] IP 'mb_design_cordic_ip_0_1' generated file not found 'd:/Studia/Magisterka/1_semestr/sdup/lab/2_1/cordic_acc/cordic_acc.srcs/sources_1/bd/mb_design/ip/mb_design_cordic_ip_0_1/mb_design_cordic_ip_0_1_sim_netlist.vhdl'. Please regenerate to continue.
WARNING: [BD 41-1661] One or more IPs have been locked in the design 'mb_design.bd'. Please run report_ip_status for more details and recommendations on how to fix this issue.
List of locked IPs:
mb_design_cordic_ip_0_1

open_project: Time (s): cpu = 00:00:28 ; elapsed = 00:00:19 . Memory (MB): peak = 738.324 ; gain = 168.105
update_compile_order -fileset sources_1
launch_sdk -workspace D:/Studia/Magisterka/1_semestr/sdup/lab/2_1/cordic_acc/cordic_acc.sdk -hwspec D:/Studia/Magisterka/1_semestr/sdup/lab/2_1/cordic_acc/cordic_acc.sdk/mb_design_wrapper.hdf
INFO: [Vivado 12-393] Launching SDK...
INFO: [Vivado 12-417] Running xsdk -workspace D:/Studia/Magisterka/1_semestr/sdup/lab/2_1/cordic_acc/cordic_acc.sdk -hwspec D:/Studia/Magisterka/1_semestr/sdup/lab/2_1/cordic_acc/cordic_acc.sdk/mb_design_wrapper.hdf
INFO: [Vivado 12-3157] SDK launch initiated. Please check console for any further messages.
launch_sdk -workspace D:/Studia/Magisterka/1_semestr/sdup/lab/2_1/cordic_acc/cordic_acc.sdk -hwspec D:/Studia/Magisterka/1_semestr/sdup/lab/2_1/cordic_acc/cordic_acc.sdk/mb_design_wrapper.hdf
INFO: [Vivado 12-393] Launching SDK...
INFO: [Vivado 12-417] Running xsdk -workspace D:/Studia/Magisterka/1_semestr/sdup/lab/2_1/cordic_acc/cordic_acc.sdk -hwspec D:/Studia/Magisterka/1_semestr/sdup/lab/2_1/cordic_acc/cordic_acc.sdk/mb_design_wrapper.hdf
INFO: [Vivado 12-3157] SDK launch initiated. Please check console for any further messages.
exit
INFO: [Common 17-206] Exiting Vivado at Wed Mar 15 18:25:44 2023...
