
*** Running vivado
    with args -log cordic_rtl6.vds -m64 -product Vivado -mode batch -messageDb vivado.pb -notrace -source cordic_rtl6.tcl


****** Vivado v2018.3 (64-bit)
  **** SW Build 2405991 on Thu Dec  6 23:38:27 MST 2018
  **** IP Build 2404404 on Fri Dec  7 01:43:56 MST 2018
    ** Copyright 1986-2018 Xilinx, Inc. All Rights Reserved.

source cordic_rtl6.tcl -notrace
Command: synth_design -top cordic_rtl6 -part xc7z020clg484-1
Starting synth_design
Attempting to get a license for feature 'Synthesis' and/or device 'xc7z020'
INFO: [Common 17-349] Got license for feature 'Synthesis' and/or device 'xc7z020'
INFO: Launching helper process for spawning children vivado processes
INFO: Helper process launched with PID 25252 
---------------------------------------------------------------------------------
Starting RTL Elaboration : Time (s): cpu = 00:00:05 ; elapsed = 00:00:07 . Memory (MB): peak = 362.055 ; gain = 100.656
---------------------------------------------------------------------------------
INFO: [Synth 8-6157] synthesizing module 'cordic_rtl6' [C:/sdup/lab/7/tut7_src/cordic_rtl6.sv:1]
	Parameter W bound to: 12 - type: integer 
	Parameter i_max bound to: 32'sb00000000000000000000000000001101 
	Parameter guard_bits bound to: 32'sb00000000000000000000000000000100 
	Parameter W1 bound to: 16 - type: integer 
	Parameter real_FIX1 bound to: 16384.000000 - type: float 
INFO: [Synth 8-155] case statement is not full and has no default [C:/sdup/lab/7/tut7_src/cordic_rtl6.sv:51]
WARNING: [Synth 8-6014] Unused sequential element atan_val_reg was removed.  [C:/sdup/lab/7/tut7_src/cordic_rtl6.sv:70]
INFO: [Synth 8-6155] done synthesizing module 'cordic_rtl6' (1#1) [C:/sdup/lab/7/tut7_src/cordic_rtl6.sv:1]
---------------------------------------------------------------------------------
Finished RTL Elaboration : Time (s): cpu = 00:00:07 ; elapsed = 00:00:10 . Memory (MB): peak = 418.391 ; gain = 156.992
---------------------------------------------------------------------------------

Report Check Netlist: 
+------+------------------+-------+---------+-------+------------------+
|      |Item              |Errors |Warnings |Status |Description       |
+------+------------------+-------+---------+-------+------------------+
|1     |multi_driven_nets |      0|        0|Passed |Multi driven nets |
+------+------------------+-------+---------+-------+------------------+
---------------------------------------------------------------------------------
Start Handling Custom Attributes
---------------------------------------------------------------------------------
---------------------------------------------------------------------------------
Finished Handling Custom Attributes : Time (s): cpu = 00:00:08 ; elapsed = 00:00:10 . Memory (MB): peak = 418.391 ; gain = 156.992
---------------------------------------------------------------------------------
---------------------------------------------------------------------------------
Finished RTL Optimization Phase 1 : Time (s): cpu = 00:00:08 ; elapsed = 00:00:10 . Memory (MB): peak = 418.391 ; gain = 156.992
---------------------------------------------------------------------------------
INFO: [Device 21-403] Loading part xc7z020clg484-1
INFO: [Project 1-570] Preparing netlist for logic optimization

Processing XDC Constraints
Initializing timing engine
Parsing XDC File [C:/sdup/lab/7/tut7_src/clock.xdc]
Finished Parsing XDC File [C:/sdup/lab/7/tut7_src/clock.xdc]
Completed Processing XDC Constraints

Netlist sorting complete. Time (s): cpu = 00:00:00 ; elapsed = 00:00:00 . Memory (MB): peak = 774.781 ; gain = 0.000
INFO: [Project 1-111] Unisim Transformation Summary:
No Unisim elements were transformed.

Netlist sorting complete. Time (s): cpu = 00:00:00 ; elapsed = 00:00:00 . Memory (MB): peak = 774.781 ; gain = 0.000
Constraint Validation Runtime : Time (s): cpu = 00:00:00 ; elapsed = 00:00:00.063 . Memory (MB): peak = 774.781 ; gain = 0.000
---------------------------------------------------------------------------------
Finished Constraint Validation : Time (s): cpu = 00:00:27 ; elapsed = 00:00:47 . Memory (MB): peak = 774.781 ; gain = 513.383
---------------------------------------------------------------------------------
---------------------------------------------------------------------------------
Start Loading Part and Timing Information
---------------------------------------------------------------------------------
Loading part: xc7z020clg484-1
---------------------------------------------------------------------------------
Finished Loading Part and Timing Information : Time (s): cpu = 00:00:27 ; elapsed = 00:00:47 . Memory (MB): peak = 774.781 ; gain = 513.383
---------------------------------------------------------------------------------
---------------------------------------------------------------------------------
Start Applying 'set_property' XDC Constraints
---------------------------------------------------------------------------------
---------------------------------------------------------------------------------
Finished applying 'set_property' XDC Constraints : Time (s): cpu = 00:00:27 ; elapsed = 00:00:47 . Memory (MB): peak = 774.781 ; gain = 513.383
---------------------------------------------------------------------------------
INFO: [Synth 8-5818] HDL ADVISOR - The operator resource <adder> is shared. To prevent sharing consider applying a KEEP on the output of the operator [C:/sdup/lab/7/tut7_src/cordic_rtl6.sv:73]
INFO: [Synth 8-5818] HDL ADVISOR - The operator resource <adder> is shared. To prevent sharing consider applying a KEEP on the output of the operator [C:/sdup/lab/7/tut7_src/cordic_rtl6.sv:73]
INFO: [Synth 8-5818] HDL ADVISOR - The operator resource <adder> is shared. To prevent sharing consider applying a KEEP on the output of the operator [C:/sdup/lab/7/tut7_src/cordic_rtl6.sv:73]
INFO: [Synth 8-5545] ROM "state" won't be mapped to RAM because address size (32) is larger than maximum supported(25)
INFO: [Synth 8-5545] ROM "sin_frac" won't be mapped to RAM because address size (32) is larger than maximum supported(25)
INFO: [Synth 8-5545] ROM "sin_out" won't be mapped to RAM because address size (32) is larger than maximum supported(25)
INFO: [Synth 8-5544] ROM "atan" won't be mapped to Block RAM because address size (4) smaller than threshold (5)
---------------------------------------------------------------------------------
Finished RTL Optimization Phase 2 : Time (s): cpu = 00:00:28 ; elapsed = 00:00:47 . Memory (MB): peak = 774.781 ; gain = 513.383
---------------------------------------------------------------------------------

Report RTL Partitions: 
+-+--------------+------------+----------+
| |RTL Partition |Replication |Instances |
+-+--------------+------------+----------+
+-+--------------+------------+----------+
---------------------------------------------------------------------------------
Start RTL Component Statistics 
---------------------------------------------------------------------------------
Detailed RTL Component Info : 
+---Adders : 
	   3 Input     16 Bit       Adders := 3     
	   2 Input     12 Bit       Adders := 2     
	   2 Input      4 Bit       Adders := 1     
+---Registers : 
	               16 Bit    Registers := 5     
	               12 Bit    Registers := 2     
	                4 Bit    Registers := 1     
	                1 Bit    Registers := 1     
+---Muxes : 
	   2 Input     32 Bit        Muxes := 1     
	   4 Input     32 Bit        Muxes := 1     
	  17 Input     16 Bit        Muxes := 1     
	   2 Input     16 Bit        Muxes := 6     
	   4 Input     16 Bit        Muxes := 3     
	   2 Input      4 Bit        Muxes := 1     
	   4 Input      4 Bit        Muxes := 1     
	   2 Input      3 Bit        Muxes := 2     
	   2 Input      2 Bit        Muxes := 1     
	   2 Input      1 Bit        Muxes := 6     
	   4 Input      1 Bit        Muxes := 6     
---------------------------------------------------------------------------------
Finished RTL Component Statistics 
---------------------------------------------------------------------------------
---------------------------------------------------------------------------------
Start RTL Hierarchical Component Statistics 
---------------------------------------------------------------------------------
Hierarchical RTL Component report 
Module cordic_rtl6 
Detailed RTL Component Info : 
+---Adders : 
	   3 Input     16 Bit       Adders := 3     
	   2 Input     12 Bit       Adders := 2     
	   2 Input      4 Bit       Adders := 1     
+---Registers : 
	               16 Bit    Registers := 5     
	               12 Bit    Registers := 2     
	                4 Bit    Registers := 1     
	                1 Bit    Registers := 1     
+---Muxes : 
	   2 Input     32 Bit        Muxes := 1     
	   4 Input     32 Bit        Muxes := 1     
	  17 Input     16 Bit        Muxes := 1     
	   2 Input     16 Bit        Muxes := 6     
	   4 Input     16 Bit        Muxes := 3     
	   2 Input      4 Bit        Muxes := 1     
	   4 Input      4 Bit        Muxes := 1     
	   2 Input      3 Bit        Muxes := 2     
	   2 Input      2 Bit        Muxes := 1     
	   2 Input      1 Bit        Muxes := 6     
	   4 Input      1 Bit        Muxes := 6     
---------------------------------------------------------------------------------
Finished RTL Hierarchical Component Statistics
---------------------------------------------------------------------------------
---------------------------------------------------------------------------------
Start Part Resource Summary
---------------------------------------------------------------------------------
Part Resources:
DSPs: 220 (col length:60)
BRAMs: 280 (col length: RAMB18 60 RAMB36 30)
---------------------------------------------------------------------------------
Finished Part Resource Summary
---------------------------------------------------------------------------------
---------------------------------------------------------------------------------
Start Cross Boundary and Area Optimization
---------------------------------------------------------------------------------
Warning: Parallel synthesis criteria is not met 
INFO: [Synth 8-3886] merging instance 'state_reg[31]' (FDRE) to 'state_reg[30]'
INFO: [Synth 8-3886] merging instance 'state_reg[30]' (FDRE) to 'state_reg[29]'
INFO: [Synth 8-3886] merging instance 'state_reg[29]' (FDRE) to 'state_reg[28]'
INFO: [Synth 8-3886] merging instance 'state_reg[28]' (FDRE) to 'state_reg[27]'
INFO: [Synth 8-3886] merging instance 'state_reg[27]' (FDRE) to 'state_reg[26]'
INFO: [Synth 8-3886] merging instance 'state_reg[26]' (FDRE) to 'state_reg[25]'
INFO: [Synth 8-3886] merging instance 'state_reg[25]' (FDRE) to 'state_reg[24]'
INFO: [Synth 8-3886] merging instance 'state_reg[24]' (FDRE) to 'state_reg[23]'
INFO: [Synth 8-3886] merging instance 'state_reg[23]' (FDRE) to 'state_reg[22]'
INFO: [Synth 8-3886] merging instance 'state_reg[22]' (FDRE) to 'state_reg[21]'
INFO: [Synth 8-3886] merging instance 'state_reg[21]' (FDRE) to 'state_reg[20]'
INFO: [Synth 8-3886] merging instance 'state_reg[20]' (FDRE) to 'state_reg[19]'
INFO: [Synth 8-3886] merging instance 'state_reg[19]' (FDRE) to 'state_reg[18]'
INFO: [Synth 8-3886] merging instance 'state_reg[18]' (FDRE) to 'state_reg[17]'
INFO: [Synth 8-3886] merging instance 'state_reg[17]' (FDRE) to 'state_reg[16]'
INFO: [Synth 8-3886] merging instance 'state_reg[16]' (FDRE) to 'state_reg[15]'
INFO: [Synth 8-3886] merging instance 'state_reg[15]' (FDRE) to 'state_reg[14]'
INFO: [Synth 8-3886] merging instance 'state_reg[14]' (FDRE) to 'state_reg[13]'
INFO: [Synth 8-3886] merging instance 'state_reg[13]' (FDRE) to 'state_reg[12]'
INFO: [Synth 8-3886] merging instance 'state_reg[12]' (FDRE) to 'state_reg[11]'
INFO: [Synth 8-3886] merging instance 'state_reg[11]' (FDRE) to 'state_reg[10]'
INFO: [Synth 8-3886] merging instance 'state_reg[10]' (FDRE) to 'state_reg[9]'
INFO: [Synth 8-3886] merging instance 'state_reg[9]' (FDRE) to 'state_reg[8]'
INFO: [Synth 8-3886] merging instance 'state_reg[8]' (FDRE) to 'state_reg[7]'
INFO: [Synth 8-3886] merging instance 'state_reg[7]' (FDRE) to 'state_reg[6]'
INFO: [Synth 8-3886] merging instance 'state_reg[6]' (FDRE) to 'state_reg[5]'
INFO: [Synth 8-3886] merging instance 'state_reg[5]' (FDRE) to 'state_reg[4]'
INFO: [Synth 8-3886] merging instance 'state_reg[4]' (FDRE) to 'state_reg[3]'
INFO: [Synth 8-3886] merging instance 'state_reg[3]' (FDRE) to 'state_reg[2]'
INFO: [Synth 8-3333] propagating constant 0 across sequential element (\state_reg[2] )
---------------------------------------------------------------------------------
Finished Cross Boundary and Area Optimization : Time (s): cpu = 00:00:36 ; elapsed = 00:01:02 . Memory (MB): peak = 774.781 ; gain = 513.383
---------------------------------------------------------------------------------

Report RTL Partitions: 
+-+--------------+------------+----------+
| |RTL Partition |Replication |Instances |
+-+--------------+------------+----------+
+-+--------------+------------+----------+
---------------------------------------------------------------------------------
Start Applying XDC Timing Constraints
---------------------------------------------------------------------------------
---------------------------------------------------------------------------------
Finished Applying XDC Timing Constraints : Time (s): cpu = 00:00:56 ; elapsed = 00:01:30 . Memory (MB): peak = 774.781 ; gain = 513.383
---------------------------------------------------------------------------------
---------------------------------------------------------------------------------
Start Timing Optimization
---------------------------------------------------------------------------------
---------------------------------------------------------------------------------
Finished Timing Optimization : Time (s): cpu = 00:00:57 ; elapsed = 00:01:31 . Memory (MB): peak = 797.613 ; gain = 536.215
---------------------------------------------------------------------------------

Report RTL Partitions: 
+-+--------------+------------+----------+
| |RTL Partition |Replication |Instances |
+-+--------------+------------+----------+
+-+--------------+------------+----------+
---------------------------------------------------------------------------------
Start Technology Mapping
---------------------------------------------------------------------------------
---------------------------------------------------------------------------------
Finished Technology Mapping : Time (s): cpu = 00:00:57 ; elapsed = 00:01:31 . Memory (MB): peak = 801.176 ; gain = 539.777
---------------------------------------------------------------------------------

Report RTL Partitions: 
+-+--------------+------------+----------+
| |RTL Partition |Replication |Instances |
+-+--------------+------------+----------+
+-+--------------+------------+----------+
---------------------------------------------------------------------------------
Start IO Insertion
---------------------------------------------------------------------------------
---------------------------------------------------------------------------------
Start Flattening Before IO Insertion
---------------------------------------------------------------------------------
---------------------------------------------------------------------------------
Finished Flattening Before IO Insertion
---------------------------------------------------------------------------------
---------------------------------------------------------------------------------
Start Final Netlist Cleanup
---------------------------------------------------------------------------------
---------------------------------------------------------------------------------
Finished Final Netlist Cleanup
---------------------------------------------------------------------------------
---------------------------------------------------------------------------------
Finished IO Insertion : Time (s): cpu = 00:01:00 ; elapsed = 00:01:34 . Memory (MB): peak = 801.176 ; gain = 539.777
---------------------------------------------------------------------------------

Report Check Netlist: 
+------+------------------+-------+---------+-------+------------------+
|      |Item              |Errors |Warnings |Status |Description       |
+------+------------------+-------+---------+-------+------------------+
|1     |multi_driven_nets |      0|        0|Passed |Multi driven nets |
+------+------------------+-------+---------+-------+------------------+
---------------------------------------------------------------------------------
Start Renaming Generated Instances
---------------------------------------------------------------------------------
---------------------------------------------------------------------------------
Finished Renaming Generated Instances : Time (s): cpu = 00:01:00 ; elapsed = 00:01:34 . Memory (MB): peak = 801.176 ; gain = 539.777
---------------------------------------------------------------------------------

Report RTL Partitions: 
+-+--------------+------------+----------+
| |RTL Partition |Replication |Instances |
+-+--------------+------------+----------+
+-+--------------+------------+----------+
---------------------------------------------------------------------------------
Start Rebuilding User Hierarchy
---------------------------------------------------------------------------------
---------------------------------------------------------------------------------
Finished Rebuilding User Hierarchy : Time (s): cpu = 00:01:00 ; elapsed = 00:01:34 . Memory (MB): peak = 801.176 ; gain = 539.777
---------------------------------------------------------------------------------
---------------------------------------------------------------------------------
Start Renaming Generated Ports
---------------------------------------------------------------------------------
---------------------------------------------------------------------------------
Finished Renaming Generated Ports : Time (s): cpu = 00:01:00 ; elapsed = 00:01:34 . Memory (MB): peak = 801.176 ; gain = 539.777
---------------------------------------------------------------------------------
---------------------------------------------------------------------------------
Start Handling Custom Attributes
---------------------------------------------------------------------------------
---------------------------------------------------------------------------------
Finished Handling Custom Attributes : Time (s): cpu = 00:01:00 ; elapsed = 00:01:34 . Memory (MB): peak = 801.176 ; gain = 539.777
---------------------------------------------------------------------------------
---------------------------------------------------------------------------------
Start Renaming Generated Nets
---------------------------------------------------------------------------------
---------------------------------------------------------------------------------
Finished Renaming Generated Nets : Time (s): cpu = 00:01:00 ; elapsed = 00:01:34 . Memory (MB): peak = 801.176 ; gain = 539.777
---------------------------------------------------------------------------------
---------------------------------------------------------------------------------
Start Writing Synthesis Report
---------------------------------------------------------------------------------

Report BlackBoxes: 
+-+--------------+----------+
| |BlackBox name |Instances |
+-+--------------+----------+
+-+--------------+----------+

Report Cell Usage: 
+------+-------+------+
|      |Cell   |Count |
+------+-------+------+
|1     |BUFG   |     1|
|2     |CARRY4 |    21|
|3     |LUT1   |    17|
|4     |LUT2   |     4|
|5     |LUT3   |    56|
|6     |LUT4   |     5|
|7     |LUT5   |    15|
|8     |LUT6   |    53|
|9     |FDRE   |   106|
|10    |FDSE   |     9|
|11    |IBUF   |    15|
|12    |OBUF   |    25|
+------+-------+------+

Report Instance Areas: 
+------+---------+-------+------+
|      |Instance |Module |Cells |
+------+---------+-------+------+
|1     |top      |       |   327|
+------+---------+-------+------+
---------------------------------------------------------------------------------
Finished Writing Synthesis Report : Time (s): cpu = 00:01:00 ; elapsed = 00:01:34 . Memory (MB): peak = 801.176 ; gain = 539.777
---------------------------------------------------------------------------------
Synthesis finished with 0 errors, 0 critical warnings and 0 warnings.
Synthesis Optimization Runtime : Time (s): cpu = 00:00:38 ; elapsed = 00:01:09 . Memory (MB): peak = 801.176 ; gain = 183.387
Synthesis Optimization Complete : Time (s): cpu = 00:01:00 ; elapsed = 00:01:34 . Memory (MB): peak = 801.176 ; gain = 539.777
INFO: [Project 1-571] Translating synthesized netlist
INFO: [Netlist 29-17] Analyzing 21 Unisim elements for replacement
INFO: [Netlist 29-28] Unisim Transformation completed in 0 CPU seconds
INFO: [Project 1-570] Preparing netlist for logic optimization
INFO: [Opt 31-138] Pushed 0 inverter(s) to 0 load pin(s).
Netlist sorting complete. Time (s): cpu = 00:00:00 ; elapsed = 00:00:00.001 . Memory (MB): peak = 801.176 ; gain = 0.000
INFO: [Project 1-111] Unisim Transformation Summary:
No Unisim elements were transformed.

INFO: [Common 17-83] Releasing license: Synthesis
51 Infos, 1 Warnings, 0 Critical Warnings and 0 Errors encountered.
synth_design completed successfully
synth_design: Time (s): cpu = 00:01:02 ; elapsed = 00:01:38 . Memory (MB): peak = 801.176 ; gain = 547.281
Netlist sorting complete. Time (s): cpu = 00:00:00 ; elapsed = 00:00:00 . Memory (MB): peak = 801.176 ; gain = 0.000
WARNING: [Constraints 18-5210] No constraints selected for write.
Resolution: This message can indicate that there are no constraints for the design, or it can indicate that the used_in flags are set such that the constraints are ignored. This later case is used when running synth_design to not write synthesis constraints to the resulting checkpoint. Instead, project constraints are read when the synthesized design is opened.
INFO: [Common 17-1381] The checkpoint 'C:/sdup/lab/7/cordic/cordic.runs/synth_1/cordic_rtl6.dcp' has been generated.
INFO: [runtcl-4] Executing : report_utilization -file cordic_rtl6_utilization_synth.rpt -pb cordic_rtl6_utilization_synth.pb
INFO: [Common 17-206] Exiting Vivado at Fri May 12 05:08:30 2023...
