12:25:21 INFO  : Registering command handlers for SDK TCF services
12:25:23 INFO  : Launching XSCT server: xsct.bat -interactive C:\Studia\Magisterka\1_semestr\sdup\lab\2_3\cordic_acc\cordic_acc.sdk\temp_xsdb_launch_script.tcl
12:25:30 INFO  : XSCT server has started successfully.
12:25:36 INFO  : Successfully done setting XSCT server connection channel  
12:25:36 INFO  : Processing command line option -hwspec C:/Studia/Magisterka/1_semestr/sdup/lab/2_3/cordic_acc/cordic_acc.sdk/mb_design_wrapper.hdf.
12:25:36 INFO  : Successfully done setting SDK workspace  
12:44:37 INFO  : Registering command handlers for SDK TCF services
12:44:38 INFO  : Launching XSCT server: xsct.bat -interactive C:\Studia\Magisterka\1_semestr\sdup\lab\2_3\cordic_acc\cordic_acc.sdk\temp_xsdb_launch_script.tcl
12:44:41 INFO  : XSCT server has started successfully.
12:44:42 INFO  : Successfully done setting XSCT server connection channel  
12:44:42 INFO  : Successfully done setting SDK workspace  
12:44:42 INFO  : Processing command line option -hwspec C:/Studia/Magisterka/1_semestr/sdup/lab/2_3/cordic_acc/cordic_acc.sdk/mb_design_wrapper.hdf.
12:44:42 INFO  : Checking for hwspec changes in the project mb_design_wrapper_hw_platform_0.
12:44:44 INFO  : SDK has detected change in the last modified timestamps for source hardware specification file Source:1678967052348,  Project:1678965835633
12:44:44 INFO  : The hardware specification for project 'mb_design_wrapper_hw_platform_0' is different from C:/Studia/Magisterka/1_semestr/sdup/lab/2_3/cordic_acc/cordic_acc.sdk/mb_design_wrapper.hdf.
12:44:44 INFO  : Copied contents of C:/Studia/Magisterka/1_semestr/sdup/lab/2_3/cordic_acc/cordic_acc.sdk/mb_design_wrapper.hdf into \mb_design_wrapper_hw_platform_0\system.hdf.
12:44:44 INFO  : Synchronizing projects in the workspace with the hardware platform specification changes.
12:44:47 INFO  : 
12:44:48 INFO  : Updating hardware inferred compiler options for cordic_test.
12:44:49 INFO  : Clearing existing target manager status.
