
*** Running vivado
    with args -log mb_design_axi_gpio_0_0.vds -m64 -product Vivado -mode batch -messageDb vivado.pb -notrace -source mb_design_axi_gpio_0_0.tcl


****** Vivado v2018.3 (64-bit)
  **** SW Build 2405991 on Thu Dec  6 23:38:27 MST 2018
  **** IP Build 2404404 on Fri Dec  7 01:43:56 MST 2018
    ** Copyright 1986-2018 Xilinx, Inc. All Rights Reserved.

source mb_design_axi_gpio_0_0.tcl -notrace
INFO: [IP_Flow 19-234] Refreshing IP repositories
INFO: [IP_Flow 19-1700] Loaded user IP repository 'c:/Studia/Magisterka/1_semestr/sdup/lab/2_3/ip_repo/cordic_ip_1.0'.
INFO: [IP_Flow 19-2313] Loaded Vivado IP repository 'C:/MyPrograms/Vivado/Vivado/2018.3/data/ip'.
Command: synth_design -top mb_design_axi_gpio_0_0 -part xc7z020clg484-1 -mode out_of_context
Starting synth_design
Attempting to get a license for feature 'Synthesis' and/or device 'xc7z020'
INFO: [Common 17-349] Got license for feature 'Synthesis' and/or device 'xc7z020'
INFO: Launching helper process for spawning children vivado processes
INFO: Helper process launched with PID 15828 
---------------------------------------------------------------------------------
Starting RTL Elaboration : Time (s): cpu = 00:00:03 ; elapsed = 00:00:04 . Memory (MB): peak = 394.340 ; gain = 99.020
---------------------------------------------------------------------------------
INFO: [Synth 8-638] synthesizing module 'mb_design_axi_gpio_0_0' [c:/Studia/Magisterka/1_semestr/sdup/lab/2_3/cordic_acc/cordic_acc.srcs/sources_1/bd/mb_design/ip/mb_design_axi_gpio_0_0/synth/mb_design_axi_gpio_0_0.vhd:86]
	Parameter C_FAMILY bound to: zynq - type: string 
	Parameter C_S_AXI_ADDR_WIDTH bound to: 9 - type: integer 
	Parameter C_S_AXI_DATA_WIDTH bound to: 32 - type: integer 
	Parameter C_GPIO_WIDTH bound to: 12 - type: integer 
	Parameter C_GPIO2_WIDTH bound to: 32 - type: integer 
	Parameter C_ALL_INPUTS bound to: 0 - type: integer 
	Parameter C_ALL_INPUTS_2 bound to: 0 - type: integer 
	Parameter C_ALL_OUTPUTS bound to: 0 - type: integer 
	Parameter C_ALL_OUTPUTS_2 bound to: 0 - type: integer 
	Parameter C_INTERRUPT_PRESENT bound to: 0 - type: integer 
	Parameter C_DOUT_DEFAULT bound to: 32'b00000000000000000000000000000000 
	Parameter C_TRI_DEFAULT bound to: 32'b11111111111111111111111111111111 
	Parameter C_IS_DUAL bound to: 0 - type: integer 
	Parameter C_DOUT_DEFAULT_2 bound to: 32'b00000000000000000000000000000000 
	Parameter C_TRI_DEFAULT_2 bound to: 32'b11111111111111111111111111111111 
INFO: [Synth 8-3491] module 'axi_gpio' declared at 'c:/Studia/Magisterka/1_semestr/sdup/lab/2_3/cordic_acc/cordic_acc.srcs/sources_1/bd/mb_design/ipshared/a7c9/hdl/axi_gpio_v2_0_vh_rfs.vhd:1265' bound to instance 'U0' of component 'axi_gpio' [c:/Studia/Magisterka/1_semestr/sdup/lab/2_3/cordic_acc/cordic_acc.srcs/sources_1/bd/mb_design/ip/mb_design_axi_gpio_0_0/synth/mb_design_axi_gpio_0_0.vhd:172]
INFO: [Synth 8-638] synthesizing module 'axi_gpio' [c:/Studia/Magisterka/1_semestr/sdup/lab/2_3/cordic_acc/cordic_acc.srcs/sources_1/bd/mb_design/ipshared/a7c9/hdl/axi_gpio_v2_0_vh_rfs.vhd:1351]
	Parameter C_FAMILY bound to: zynq - type: string 
	Parameter C_S_AXI_ADDR_WIDTH bound to: 9 - type: integer 
	Parameter C_S_AXI_DATA_WIDTH bound to: 32 - type: integer 
	Parameter C_GPIO_WIDTH bound to: 12 - type: integer 
	Parameter C_GPIO2_WIDTH bound to: 32 - type: integer 
	Parameter C_ALL_INPUTS bound to: 0 - type: integer 
	Parameter C_ALL_INPUTS_2 bound to: 0 - type: integer 
	Parameter C_ALL_OUTPUTS bound to: 0 - type: integer 
	Parameter C_ALL_OUTPUTS_2 bound to: 0 - type: integer 
	Parameter C_INTERRUPT_PRESENT bound to: 0 - type: integer 
	Parameter C_DOUT_DEFAULT bound to: 0 - type: integer 
	Parameter C_TRI_DEFAULT bound to: -1 - type: integer 
	Parameter C_IS_DUAL bound to: 0 - type: integer 
	Parameter C_DOUT_DEFAULT_2 bound to: 0 - type: integer 
	Parameter C_TRI_DEFAULT_2 bound to: -1 - type: integer 
INFO: [Synth 8-638] synthesizing module 'axi_lite_ipif' [c:/Studia/Magisterka/1_semestr/sdup/lab/2_3/cordic_acc/cordic_acc.srcs/sources_1/bd/mb_design/ipshared/66ea/hdl/axi_lite_ipif_v3_0_vh_rfs.vhd:2948]
	Parameter C_S_AXI_DATA_WIDTH bound to: 32 - type: integer 
	Parameter C_S_AXI_ADDR_WIDTH bound to: 9 - type: integer 
	Parameter C_S_AXI_MIN_SIZE bound to: 32'b00000000000000000000000111111111 
	Parameter C_USE_WSTRB bound to: 0 - type: integer 
	Parameter C_DPHASE_TIMEOUT bound to: 8 - type: integer 
	Parameter C_ARD_ADDR_RANGE_ARRAY bound to: 128'b00000000000000000000000000000000000000000000000000000000000000000000000000000000000000000000000000000000000000000000000000001111 
	Parameter C_ARD_NUM_CE_ARRAY bound to: 32'b00000000000000000000000000000100 
	Parameter C_FAMILY bound to: zynq - type: string 
INFO: [Synth 8-638] synthesizing module 'slave_attachment' [c:/Studia/Magisterka/1_semestr/sdup/lab/2_3/cordic_acc/cordic_acc.srcs/sources_1/bd/mb_design/ipshared/66ea/hdl/axi_lite_ipif_v3_0_vh_rfs.vhd:2341]
	Parameter C_ARD_ADDR_RANGE_ARRAY bound to: 128'b00000000000000000000000000000000000000000000000000000000000000000000000000000000000000000000000000000000000000000000000000001111 
	Parameter C_ARD_NUM_CE_ARRAY bound to: 32'b00000000000000000000000000000100 
	Parameter C_IPIF_ABUS_WIDTH bound to: 9 - type: integer 
	Parameter C_IPIF_DBUS_WIDTH bound to: 32 - type: integer 
	Parameter C_S_AXI_MIN_SIZE bound to: 511 - type: integer 
	Parameter C_USE_WSTRB bound to: 0 - type: integer 
	Parameter C_DPHASE_TIMEOUT bound to: 8 - type: integer 
	Parameter C_FAMILY bound to: zynq - type: string 
INFO: [Synth 8-638] synthesizing module 'address_decoder' [c:/Studia/Magisterka/1_semestr/sdup/lab/2_3/cordic_acc/cordic_acc.srcs/sources_1/bd/mb_design/ipshared/66ea/hdl/axi_lite_ipif_v3_0_vh_rfs.vhd:1775]
	Parameter C_BUS_AWIDTH bound to: 9 - type: integer 
	Parameter C_S_AXI_MIN_SIZE bound to: 511 - type: integer 
	Parameter C_ARD_ADDR_RANGE_ARRAY bound to: 128'b00000000000000000000000000000000000000000000000000000000000000000000000000000000000000000000000000000000000000000000000000001111 
	Parameter C_ARD_NUM_CE_ARRAY bound to: 32'b00000000000000000000000000000100 
	Parameter C_FAMILY bound to: nofamily - type: string 
INFO: [Synth 8-638] synthesizing module 'pselect_f' [c:/Studia/Magisterka/1_semestr/sdup/lab/2_3/cordic_acc/cordic_acc.srcs/sources_1/bd/mb_design/ipshared/66ea/hdl/axi_lite_ipif_v3_0_vh_rfs.vhd:1534]
	Parameter C_AB bound to: 2 - type: integer 
	Parameter C_AW bound to: 2 - type: integer 
	Parameter C_BAR bound to: 2'b00 
	Parameter C_FAMILY bound to: nofamily - type: string 
INFO: [Synth 8-256] done synthesizing module 'pselect_f' (1#1) [c:/Studia/Magisterka/1_semestr/sdup/lab/2_3/cordic_acc/cordic_acc.srcs/sources_1/bd/mb_design/ipshared/66ea/hdl/axi_lite_ipif_v3_0_vh_rfs.vhd:1534]
INFO: [Synth 8-638] synthesizing module 'pselect_f__parameterized0' [c:/Studia/Magisterka/1_semestr/sdup/lab/2_3/cordic_acc/cordic_acc.srcs/sources_1/bd/mb_design/ipshared/66ea/hdl/axi_lite_ipif_v3_0_vh_rfs.vhd:1534]
	Parameter C_AB bound to: 2 - type: integer 
	Parameter C_AW bound to: 2 - type: integer 
	Parameter C_BAR bound to: 2'b01 
	Parameter C_FAMILY bound to: nofamily - type: string 
INFO: [Synth 8-256] done synthesizing module 'pselect_f__parameterized0' (1#1) [c:/Studia/Magisterka/1_semestr/sdup/lab/2_3/cordic_acc/cordic_acc.srcs/sources_1/bd/mb_design/ipshared/66ea/hdl/axi_lite_ipif_v3_0_vh_rfs.vhd:1534]
INFO: [Synth 8-638] synthesizing module 'pselect_f__parameterized1' [c:/Studia/Magisterka/1_semestr/sdup/lab/2_3/cordic_acc/cordic_acc.srcs/sources_1/bd/mb_design/ipshared/66ea/hdl/axi_lite_ipif_v3_0_vh_rfs.vhd:1534]
	Parameter C_AB bound to: 2 - type: integer 
	Parameter C_AW bound to: 2 - type: integer 
	Parameter C_BAR bound to: 2'b10 
	Parameter C_FAMILY bound to: nofamily - type: string 
INFO: [Synth 8-256] done synthesizing module 'pselect_f__parameterized1' (1#1) [c:/Studia/Magisterka/1_semestr/sdup/lab/2_3/cordic_acc/cordic_acc.srcs/sources_1/bd/mb_design/ipshared/66ea/hdl/axi_lite_ipif_v3_0_vh_rfs.vhd:1534]
INFO: [Synth 8-638] synthesizing module 'pselect_f__parameterized2' [c:/Studia/Magisterka/1_semestr/sdup/lab/2_3/cordic_acc/cordic_acc.srcs/sources_1/bd/mb_design/ipshared/66ea/hdl/axi_lite_ipif_v3_0_vh_rfs.vhd:1534]
	Parameter C_AB bound to: 2 - type: integer 
	Parameter C_AW bound to: 2 - type: integer 
	Parameter C_BAR bound to: 2'b11 
	Parameter C_FAMILY bound to: nofamily - type: string 
INFO: [Synth 8-256] done synthesizing module 'pselect_f__parameterized2' (1#1) [c:/Studia/Magisterka/1_semestr/sdup/lab/2_3/cordic_acc/cordic_acc.srcs/sources_1/bd/mb_design/ipshared/66ea/hdl/axi_lite_ipif_v3_0_vh_rfs.vhd:1534]
INFO: [Synth 8-256] done synthesizing module 'address_decoder' (2#1) [c:/Studia/Magisterka/1_semestr/sdup/lab/2_3/cordic_acc/cordic_acc.srcs/sources_1/bd/mb_design/ipshared/66ea/hdl/axi_lite_ipif_v3_0_vh_rfs.vhd:1775]
INFO: [Synth 8-226] default block is never used [c:/Studia/Magisterka/1_semestr/sdup/lab/2_3/cordic_acc/cordic_acc.srcs/sources_1/bd/mb_design/ipshared/66ea/hdl/axi_lite_ipif_v3_0_vh_rfs.vhd:2550]
INFO: [Synth 8-256] done synthesizing module 'slave_attachment' (3#1) [c:/Studia/Magisterka/1_semestr/sdup/lab/2_3/cordic_acc/cordic_acc.srcs/sources_1/bd/mb_design/ipshared/66ea/hdl/axi_lite_ipif_v3_0_vh_rfs.vhd:2341]
INFO: [Synth 8-256] done synthesizing module 'axi_lite_ipif' (4#1) [c:/Studia/Magisterka/1_semestr/sdup/lab/2_3/cordic_acc/cordic_acc.srcs/sources_1/bd/mb_design/ipshared/66ea/hdl/axi_lite_ipif_v3_0_vh_rfs.vhd:2948]
INFO: [Synth 8-638] synthesizing module 'GPIO_Core' [c:/Studia/Magisterka/1_semestr/sdup/lab/2_3/cordic_acc/cordic_acc.srcs/sources_1/bd/mb_design/ipshared/a7c9/hdl/axi_gpio_v2_0_vh_rfs.vhd:178]
	Parameter C_DW bound to: 32 - type: integer 
	Parameter C_AW bound to: 9 - type: integer 
	Parameter C_GPIO_WIDTH bound to: 12 - type: integer 
	Parameter C_GPIO2_WIDTH bound to: 32 - type: integer 
	Parameter C_MAX_GPIO_WIDTH bound to: 12 - type: integer 
	Parameter C_INTERRUPT_PRESENT bound to: 0 - type: integer 
	Parameter C_DOUT_DEFAULT bound to: 0 - type: integer 
	Parameter C_TRI_DEFAULT bound to: -1 - type: integer 
	Parameter C_IS_DUAL bound to: 0 - type: integer 
	Parameter C_ALL_OUTPUTS bound to: 0 - type: integer 
	Parameter C_ALL_OUTPUTS_2 bound to: 0 - type: integer 
	Parameter C_ALL_INPUTS bound to: 0 - type: integer 
	Parameter C_ALL_INPUTS_2 bound to: 0 - type: integer 
	Parameter C_DOUT_DEFAULT_2 bound to: 0 - type: integer 
	Parameter C_TRI_DEFAULT_2 bound to: -1 - type: integer 
	Parameter C_FAMILY bound to: zynq - type: string 
INFO: [Synth 8-226] default block is never used [c:/Studia/Magisterka/1_semestr/sdup/lab/2_3/cordic_acc/cordic_acc.srcs/sources_1/bd/mb_design/ipshared/a7c9/hdl/axi_gpio_v2_0_vh_rfs.vhd:443]
INFO: [Synth 8-638] synthesizing module 'cdc_sync' [c:/Studia/Magisterka/1_semestr/sdup/lab/2_3/cordic_acc/cordic_acc.srcs/sources_1/bd/mb_design/ipshared/ef1e/hdl/lib_cdc_v1_0_rfs.vhd:106]
	Parameter C_CDC_TYPE bound to: 1 - type: integer 
	Parameter C_RESET_STATE bound to: 0 - type: integer 
	Parameter C_SINGLE_BIT bound to: 0 - type: integer 
	Parameter C_FLOP_INPUT bound to: 0 - type: integer 
	Parameter C_VECTOR_WIDTH bound to: 12 - type: integer 
	Parameter C_MTBF_STAGES bound to: 4 - type: integer 
	Parameter INIT bound to: 1'b0 
INFO: [Synth 8-113] binding component instance 'CROSS2_PLEVEL_IN2SCNDRY_IN_cdc_to' to cell 'FDR' [c:/Studia/Magisterka/1_semestr/sdup/lab/2_3/cordic_acc/cordic_acc.srcs/sources_1/bd/mb_design/ipshared/ef1e/hdl/lib_cdc_v1_0_rfs.vhd:736]
	Parameter INIT bound to: 1'b0 
INFO: [Synth 8-113] binding component instance 'CROSS2_PLEVEL_IN2SCNDRY_IN_cdc_to' to cell 'FDR' [c:/Studia/Magisterka/1_semestr/sdup/lab/2_3/cordic_acc/cordic_acc.srcs/sources_1/bd/mb_design/ipshared/ef1e/hdl/lib_cdc_v1_0_rfs.vhd:736]
	Parameter INIT bound to: 1'b0 
INFO: [Synth 8-113] binding component instance 'CROSS2_PLEVEL_IN2SCNDRY_IN_cdc_to' to cell 'FDR' [c:/Studia/Magisterka/1_semestr/sdup/lab/2_3/cordic_acc/cordic_acc.srcs/sources_1/bd/mb_design/ipshared/ef1e/hdl/lib_cdc_v1_0_rfs.vhd:736]
	Parameter INIT bound to: 1'b0 
INFO: [Synth 8-113] binding component instance 'CROSS2_PLEVEL_IN2SCNDRY_IN_cdc_to' to cell 'FDR' [c:/Studia/Magisterka/1_semestr/sdup/lab/2_3/cordic_acc/cordic_acc.srcs/sources_1/bd/mb_design/ipshared/ef1e/hdl/lib_cdc_v1_0_rfs.vhd:736]
	Parameter INIT bound to: 1'b0 
INFO: [Synth 8-113] binding component instance 'CROSS2_PLEVEL_IN2SCNDRY_IN_cdc_to' to cell 'FDR' [c:/Studia/Magisterka/1_semestr/sdup/lab/2_3/cordic_acc/cordic_acc.srcs/sources_1/bd/mb_design/ipshared/ef1e/hdl/lib_cdc_v1_0_rfs.vhd:736]
	Parameter INIT bound to: 1'b0 
INFO: [Synth 8-113] binding component instance 'CROSS2_PLEVEL_IN2SCNDRY_IN_cdc_to' to cell 'FDR' [c:/Studia/Magisterka/1_semestr/sdup/lab/2_3/cordic_acc/cordic_acc.srcs/sources_1/bd/mb_design/ipshared/ef1e/hdl/lib_cdc_v1_0_rfs.vhd:736]
	Parameter INIT bound to: 1'b0 
INFO: [Synth 8-113] binding component instance 'CROSS2_PLEVEL_IN2SCNDRY_IN_cdc_to' to cell 'FDR' [c:/Studia/Magisterka/1_semestr/sdup/lab/2_3/cordic_acc/cordic_acc.srcs/sources_1/bd/mb_design/ipshared/ef1e/hdl/lib_cdc_v1_0_rfs.vhd:736]
	Parameter INIT bound to: 1'b0 
INFO: [Synth 8-113] binding component instance 'CROSS2_PLEVEL_IN2SCNDRY_IN_cdc_to' to cell 'FDR' [c:/Studia/Magisterka/1_semestr/sdup/lab/2_3/cordic_acc/cordic_acc.srcs/sources_1/bd/mb_design/ipshared/ef1e/hdl/lib_cdc_v1_0_rfs.vhd:736]
	Parameter INIT bound to: 1'b0 
INFO: [Synth 8-113] binding component instance 'CROSS2_PLEVEL_IN2SCNDRY_IN_cdc_to' to cell 'FDR' [c:/Studia/Magisterka/1_semestr/sdup/lab/2_3/cordic_acc/cordic_acc.srcs/sources_1/bd/mb_design/ipshared/ef1e/hdl/lib_cdc_v1_0_rfs.vhd:736]
	Parameter INIT bound to: 1'b0 
INFO: [Synth 8-113] binding component instance 'CROSS2_PLEVEL_IN2SCNDRY_IN_cdc_to' to cell 'FDR' [c:/Studia/Magisterka/1_semestr/sdup/lab/2_3/cordic_acc/cordic_acc.srcs/sources_1/bd/mb_design/ipshared/ef1e/hdl/lib_cdc_v1_0_rfs.vhd:736]
	Parameter INIT bound to: 1'b0 
INFO: [Synth 8-113] binding component instance 'CROSS2_PLEVEL_IN2SCNDRY_IN_cdc_to' to cell 'FDR' [c:/Studia/Magisterka/1_semestr/sdup/lab/2_3/cordic_acc/cordic_acc.srcs/sources_1/bd/mb_design/ipshared/ef1e/hdl/lib_cdc_v1_0_rfs.vhd:736]
	Parameter INIT bound to: 1'b0 
INFO: [Synth 8-113] binding component instance 'CROSS2_PLEVEL_IN2SCNDRY_IN_cdc_to' to cell 'FDR' [c:/Studia/Magisterka/1_semestr/sdup/lab/2_3/cordic_acc/cordic_acc.srcs/sources_1/bd/mb_design/ipshared/ef1e/hdl/lib_cdc_v1_0_rfs.vhd:736]
	Parameter INIT bound to: 1'b0 
INFO: [Synth 8-113] binding component instance 'CROSS2_PLEVEL_IN2SCNDRY_s_level_out_bus_d2' to cell 'FDR' [c:/Studia/Magisterka/1_semestr/sdup/lab/2_3/cordic_acc/cordic_acc.srcs/sources_1/bd/mb_design/ipshared/ef1e/hdl/lib_cdc_v1_0_rfs.vhd:772]
	Parameter INIT bound to: 1'b0 
INFO: [Synth 8-113] binding component instance 'CROSS2_PLEVEL_IN2SCNDRY_s_level_out_bus_d2' to cell 'FDR' [c:/Studia/Magisterka/1_semestr/sdup/lab/2_3/cordic_acc/cordic_acc.srcs/sources_1/bd/mb_design/ipshared/ef1e/hdl/lib_cdc_v1_0_rfs.vhd:772]
	Parameter INIT bound to: 1'b0 
INFO: [Synth 8-113] binding component instance 'CROSS2_PLEVEL_IN2SCNDRY_s_level_out_bus_d2' to cell 'FDR' [c:/Studia/Magisterka/1_semestr/sdup/lab/2_3/cordic_acc/cordic_acc.srcs/sources_1/bd/mb_design/ipshared/ef1e/hdl/lib_cdc_v1_0_rfs.vhd:772]
	Parameter INIT bound to: 1'b0 
INFO: [Synth 8-113] binding component instance 'CROSS2_PLEVEL_IN2SCNDRY_s_level_out_bus_d2' to cell 'FDR' [c:/Studia/Magisterka/1_semestr/sdup/lab/2_3/cordic_acc/cordic_acc.srcs/sources_1/bd/mb_design/ipshared/ef1e/hdl/lib_cdc_v1_0_rfs.vhd:772]
	Parameter INIT bound to: 1'b0 
INFO: [Synth 8-113] binding component instance 'CROSS2_PLEVEL_IN2SCNDRY_s_level_out_bus_d2' to cell 'FDR' [c:/Studia/Magisterka/1_semestr/sdup/lab/2_3/cordic_acc/cordic_acc.srcs/sources_1/bd/mb_design/ipshared/ef1e/hdl/lib_cdc_v1_0_rfs.vhd:772]
	Parameter INIT bound to: 1'b0 
INFO: [Synth 8-113] binding component instance 'CROSS2_PLEVEL_IN2SCNDRY_s_level_out_bus_d2' to cell 'FDR' [c:/Studia/Magisterka/1_semestr/sdup/lab/2_3/cordic_acc/cordic_acc.srcs/sources_1/bd/mb_design/ipshared/ef1e/hdl/lib_cdc_v1_0_rfs.vhd:772]
	Parameter INIT bound to: 1'b0 
INFO: [Synth 8-113] binding component instance 'CROSS2_PLEVEL_IN2SCNDRY_s_level_out_bus_d2' to cell 'FDR' [c:/Studia/Magisterka/1_semestr/sdup/lab/2_3/cordic_acc/cordic_acc.srcs/sources_1/bd/mb_design/ipshared/ef1e/hdl/lib_cdc_v1_0_rfs.vhd:772]
	Parameter INIT bound to: 1'b0 
INFO: [Synth 8-113] binding component instance 'CROSS2_PLEVEL_IN2SCNDRY_s_level_out_bus_d2' to cell 'FDR' [c:/Studia/Magisterka/1_semestr/sdup/lab/2_3/cordic_acc/cordic_acc.srcs/sources_1/bd/mb_design/ipshared/ef1e/hdl/lib_cdc_v1_0_rfs.vhd:772]
	Parameter INIT bound to: 1'b0 
INFO: [Synth 8-113] binding component instance 'CROSS2_PLEVEL_IN2SCNDRY_s_level_out_bus_d2' to cell 'FDR' [c:/Studia/Magisterka/1_semestr/sdup/lab/2_3/cordic_acc/cordic_acc.srcs/sources_1/bd/mb_design/ipshared/ef1e/hdl/lib_cdc_v1_0_rfs.vhd:772]
	Parameter INIT bound to: 1'b0 
INFO: [Synth 8-113] binding component instance 'CROSS2_PLEVEL_IN2SCNDRY_s_level_out_bus_d2' to cell 'FDR' [c:/Studia/Magisterka/1_semestr/sdup/lab/2_3/cordic_acc/cordic_acc.srcs/sources_1/bd/mb_design/ipshared/ef1e/hdl/lib_cdc_v1_0_rfs.vhd:772]
	Parameter INIT bound to: 1'b0 
INFO: [Synth 8-113] binding component instance 'CROSS2_PLEVEL_IN2SCNDRY_s_level_out_bus_d2' to cell 'FDR' [c:/Studia/Magisterka/1_semestr/sdup/lab/2_3/cordic_acc/cordic_acc.srcs/sources_1/bd/mb_design/ipshared/ef1e/hdl/lib_cdc_v1_0_rfs.vhd:772]
	Parameter INIT bound to: 1'b0 
INFO: [Synth 8-113] binding component instance 'CROSS2_PLEVEL_IN2SCNDRY_s_level_out_bus_d2' to cell 'FDR' [c:/Studia/Magisterka/1_semestr/sdup/lab/2_3/cordic_acc/cordic_acc.srcs/sources_1/bd/mb_design/ipshared/ef1e/hdl/lib_cdc_v1_0_rfs.vhd:772]
	Parameter INIT bound to: 1'b0 
INFO: [Synth 8-113] binding component instance 'CROSS2_PLEVEL_IN2SCNDRY_s_level_out_bus_d3' to cell 'FDR' [c:/Studia/Magisterka/1_semestr/sdup/lab/2_3/cordic_acc/cordic_acc.srcs/sources_1/bd/mb_design/ipshared/ef1e/hdl/lib_cdc_v1_0_rfs.vhd:788]
	Parameter INIT bound to: 1'b0 
INFO: [Synth 8-113] binding component instance 'CROSS2_PLEVEL_IN2SCNDRY_s_level_out_bus_d3' to cell 'FDR' [c:/Studia/Magisterka/1_semestr/sdup/lab/2_3/cordic_acc/cordic_acc.srcs/sources_1/bd/mb_design/ipshared/ef1e/hdl/lib_cdc_v1_0_rfs.vhd:788]
	Parameter INIT bound to: 1'b0 
INFO: [Synth 8-113] binding component instance 'CROSS2_PLEVEL_IN2SCNDRY_s_level_out_bus_d3' to cell 'FDR' [c:/Studia/Magisterka/1_semestr/sdup/lab/2_3/cordic_acc/cordic_acc.srcs/sources_1/bd/mb_design/ipshared/ef1e/hdl/lib_cdc_v1_0_rfs.vhd:788]
	Parameter INIT bound to: 1'b0 
INFO: [Synth 8-113] binding component instance 'CROSS2_PLEVEL_IN2SCNDRY_s_level_out_bus_d3' to cell 'FDR' [c:/Studia/Magisterka/1_semestr/sdup/lab/2_3/cordic_acc/cordic_acc.srcs/sources_1/bd/mb_design/ipshared/ef1e/hdl/lib_cdc_v1_0_rfs.vhd:788]
	Parameter INIT bound to: 1'b0 
INFO: [Synth 8-113] binding component instance 'CROSS2_PLEVEL_IN2SCNDRY_s_level_out_bus_d3' to cell 'FDR' [c:/Studia/Magisterka/1_semestr/sdup/lab/2_3/cordic_acc/cordic_acc.srcs/sources_1/bd/mb_design/ipshared/ef1e/hdl/lib_cdc_v1_0_rfs.vhd:788]
	Parameter INIT bound to: 1'b0 
INFO: [Synth 8-113] binding component instance 'CROSS2_PLEVEL_IN2SCNDRY_s_level_out_bus_d3' to cell 'FDR' [c:/Studia/Magisterka/1_semestr/sdup/lab/2_3/cordic_acc/cordic_acc.srcs/sources_1/bd/mb_design/ipshared/ef1e/hdl/lib_cdc_v1_0_rfs.vhd:788]
	Parameter INIT bound to: 1'b0 
INFO: [Synth 8-113] binding component instance 'CROSS2_PLEVEL_IN2SCNDRY_s_level_out_bus_d3' to cell 'FDR' [c:/Studia/Magisterka/1_semestr/sdup/lab/2_3/cordic_acc/cordic_acc.srcs/sources_1/bd/mb_design/ipshared/ef1e/hdl/lib_cdc_v1_0_rfs.vhd:788]
	Parameter INIT bound to: 1'b0 
INFO: [Synth 8-113] binding component instance 'CROSS2_PLEVEL_IN2SCNDRY_s_level_out_bus_d3' to cell 'FDR' [c:/Studia/Magisterka/1_semestr/sdup/lab/2_3/cordic_acc/cordic_acc.srcs/sources_1/bd/mb_design/ipshared/ef1e/hdl/lib_cdc_v1_0_rfs.vhd:788]
	Parameter INIT bound to: 1'b0 
INFO: [Synth 8-113] binding component instance 'CROSS2_PLEVEL_IN2SCNDRY_s_level_out_bus_d3' to cell 'FDR' [c:/Studia/Magisterka/1_semestr/sdup/lab/2_3/cordic_acc/cordic_acc.srcs/sources_1/bd/mb_design/ipshared/ef1e/hdl/lib_cdc_v1_0_rfs.vhd:788]
	Parameter INIT bound to: 1'b0 
INFO: [Synth 8-113] binding component instance 'CROSS2_PLEVEL_IN2SCNDRY_s_level_out_bus_d3' to cell 'FDR' [c:/Studia/Magisterka/1_semestr/sdup/lab/2_3/cordic_acc/cordic_acc.srcs/sources_1/bd/mb_design/ipshared/ef1e/hdl/lib_cdc_v1_0_rfs.vhd:788]
	Parameter INIT bound to: 1'b0 
INFO: [Synth 8-113] binding component instance 'CROSS2_PLEVEL_IN2SCNDRY_s_level_out_bus_d3' to cell 'FDR' [c:/Studia/Magisterka/1_semestr/sdup/lab/2_3/cordic_acc/cordic_acc.srcs/sources_1/bd/mb_design/ipshared/ef1e/hdl/lib_cdc_v1_0_rfs.vhd:788]
	Parameter INIT bound to: 1'b0 
INFO: [Synth 8-113] binding component instance 'CROSS2_PLEVEL_IN2SCNDRY_s_level_out_bus_d3' to cell 'FDR' [c:/Studia/Magisterka/1_semestr/sdup/lab/2_3/cordic_acc/cordic_acc.srcs/sources_1/bd/mb_design/ipshared/ef1e/hdl/lib_cdc_v1_0_rfs.vhd:788]
	Parameter INIT bound to: 1'b0 
INFO: [Synth 8-113] binding component instance 'CROSS2_PLEVEL_IN2SCNDRY_s_level_out_bus_d4' to cell 'FDR' [c:/Studia/Magisterka/1_semestr/sdup/lab/2_3/cordic_acc/cordic_acc.srcs/sources_1/bd/mb_design/ipshared/ef1e/hdl/lib_cdc_v1_0_rfs.vhd:804]
	Parameter INIT bound to: 1'b0 
INFO: [Synth 8-113] binding component instance 'CROSS2_PLEVEL_IN2SCNDRY_s_level_out_bus_d4' to cell 'FDR' [c:/Studia/Magisterka/1_semestr/sdup/lab/2_3/cordic_acc/cordic_acc.srcs/sources_1/bd/mb_design/ipshared/ef1e/hdl/lib_cdc_v1_0_rfs.vhd:804]
	Parameter INIT bound to: 1'b0 
INFO: [Synth 8-113] binding component instance 'CROSS2_PLEVEL_IN2SCNDRY_s_level_out_bus_d4' to cell 'FDR' [c:/Studia/Magisterka/1_semestr/sdup/lab/2_3/cordic_acc/cordic_acc.srcs/sources_1/bd/mb_design/ipshared/ef1e/hdl/lib_cdc_v1_0_rfs.vhd:804]
	Parameter INIT bound to: 1'b0 
INFO: [Synth 8-113] binding component instance 'CROSS2_PLEVEL_IN2SCNDRY_s_level_out_bus_d4' to cell 'FDR' [c:/Studia/Magisterka/1_semestr/sdup/lab/2_3/cordic_acc/cordic_acc.srcs/sources_1/bd/mb_design/ipshared/ef1e/hdl/lib_cdc_v1_0_rfs.vhd:804]
	Parameter INIT bound to: 1'b0 
INFO: [Synth 8-113] binding component instance 'CROSS2_PLEVEL_IN2SCNDRY_s_level_out_bus_d4' to cell 'FDR' [c:/Studia/Magisterka/1_semestr/sdup/lab/2_3/cordic_acc/cordic_acc.srcs/sources_1/bd/mb_design/ipshared/ef1e/hdl/lib_cdc_v1_0_rfs.vhd:804]
	Parameter INIT bound to: 1'b0 
INFO: [Synth 8-113] binding component instance 'CROSS2_PLEVEL_IN2SCNDRY_s_level_out_bus_d4' to cell 'FDR' [c:/Studia/Magisterka/1_semestr/sdup/lab/2_3/cordic_acc/cordic_acc.srcs/sources_1/bd/mb_design/ipshared/ef1e/hdl/lib_cdc_v1_0_rfs.vhd:804]
	Parameter INIT bound to: 1'b0 
INFO: [Synth 8-113] binding component instance 'CROSS2_PLEVEL_IN2SCNDRY_s_level_out_bus_d4' to cell 'FDR' [c:/Studia/Magisterka/1_semestr/sdup/lab/2_3/cordic_acc/cordic_acc.srcs/sources_1/bd/mb_design/ipshared/ef1e/hdl/lib_cdc_v1_0_rfs.vhd:804]
	Parameter INIT bound to: 1'b0 
INFO: [Synth 8-113] binding component instance 'CROSS2_PLEVEL_IN2SCNDRY_s_level_out_bus_d4' to cell 'FDR' [c:/Studia/Magisterka/1_semestr/sdup/lab/2_3/cordic_acc/cordic_acc.srcs/sources_1/bd/mb_design/ipshared/ef1e/hdl/lib_cdc_v1_0_rfs.vhd:804]
	Parameter INIT bound to: 1'b0 
INFO: [Synth 8-113] binding component instance 'CROSS2_PLEVEL_IN2SCNDRY_s_level_out_bus_d4' to cell 'FDR' [c:/Studia/Magisterka/1_semestr/sdup/lab/2_3/cordic_acc/cordic_acc.srcs/sources_1/bd/mb_design/ipshared/ef1e/hdl/lib_cdc_v1_0_rfs.vhd:804]
	Parameter INIT bound to: 1'b0 
INFO: [Synth 8-113] binding component instance 'CROSS2_PLEVEL_IN2SCNDRY_s_level_out_bus_d4' to cell 'FDR' [c:/Studia/Magisterka/1_semestr/sdup/lab/2_3/cordic_acc/cordic_acc.srcs/sources_1/bd/mb_design/ipshared/ef1e/hdl/lib_cdc_v1_0_rfs.vhd:804]
	Parameter INIT bound to: 1'b0 
INFO: [Synth 8-113] binding component instance 'CROSS2_PLEVEL_IN2SCNDRY_s_level_out_bus_d4' to cell 'FDR' [c:/Studia/Magisterka/1_semestr/sdup/lab/2_3/cordic_acc/cordic_acc.srcs/sources_1/bd/mb_design/ipshared/ef1e/hdl/lib_cdc_v1_0_rfs.vhd:804]
	Parameter INIT bound to: 1'b0 
INFO: [Synth 8-113] binding component instance 'CROSS2_PLEVEL_IN2SCNDRY_s_level_out_bus_d4' to cell 'FDR' [c:/Studia/Magisterka/1_semestr/sdup/lab/2_3/cordic_acc/cordic_acc.srcs/sources_1/bd/mb_design/ipshared/ef1e/hdl/lib_cdc_v1_0_rfs.vhd:804]
	Parameter INIT bound to: 1'b0 
INFO: [Synth 8-113] binding component instance 'CROSS2_PLEVEL_IN2SCNDRY_s_level_out_bus_d5' to cell 'FDR' [c:/Studia/Magisterka/1_semestr/sdup/lab/2_3/cordic_acc/cordic_acc.srcs/sources_1/bd/mb_design/ipshared/ef1e/hdl/lib_cdc_v1_0_rfs.vhd:821]
	Parameter INIT bound to: 1'b0 
INFO: [Synth 8-113] binding component instance 'CROSS2_PLEVEL_IN2SCNDRY_s_level_out_bus_d5' to cell 'FDR' [c:/Studia/Magisterka/1_semestr/sdup/lab/2_3/cordic_acc/cordic_acc.srcs/sources_1/bd/mb_design/ipshared/ef1e/hdl/lib_cdc_v1_0_rfs.vhd:821]
	Parameter INIT bound to: 1'b0 
INFO: [Synth 8-113] binding component instance 'CROSS2_PLEVEL_IN2SCNDRY_s_level_out_bus_d5' to cell 'FDR' [c:/Studia/Magisterka/1_semestr/sdup/lab/2_3/cordic_acc/cordic_acc.srcs/sources_1/bd/mb_design/ipshared/ef1e/hdl/lib_cdc_v1_0_rfs.vhd:821]
	Parameter INIT bound to: 1'b0 
INFO: [Synth 8-113] binding component instance 'CROSS2_PLEVEL_IN2SCNDRY_s_level_out_bus_d5' to cell 'FDR' [c:/Studia/Magisterka/1_semestr/sdup/lab/2_3/cordic_acc/cordic_acc.srcs/sources_1/bd/mb_design/ipshared/ef1e/hdl/lib_cdc_v1_0_rfs.vhd:821]
	Parameter INIT bound to: 1'b0 
INFO: [Synth 8-113] binding component instance 'CROSS2_PLEVEL_IN2SCNDRY_s_level_out_bus_d5' to cell 'FDR' [c:/Studia/Magisterka/1_semestr/sdup/lab/2_3/cordic_acc/cordic_acc.srcs/sources_1/bd/mb_design/ipshared/ef1e/hdl/lib_cdc_v1_0_rfs.vhd:821]
	Parameter INIT bound to: 1'b0 
INFO: [Synth 8-113] binding component instance 'CROSS2_PLEVEL_IN2SCNDRY_s_level_out_bus_d5' to cell 'FDR' [c:/Studia/Magisterka/1_semestr/sdup/lab/2_3/cordic_acc/cordic_acc.srcs/sources_1/bd/mb_design/ipshared/ef1e/hdl/lib_cdc_v1_0_rfs.vhd:821]
	Parameter INIT bound to: 1'b0 
INFO: [Synth 8-113] binding component instance 'CROSS2_PLEVEL_IN2SCNDRY_s_level_out_bus_d5' to cell 'FDR' [c:/Studia/Magisterka/1_semestr/sdup/lab/2_3/cordic_acc/cordic_acc.srcs/sources_1/bd/mb_design/ipshared/ef1e/hdl/lib_cdc_v1_0_rfs.vhd:821]
	Parameter INIT bound to: 1'b0 
INFO: [Synth 8-113] binding component instance 'CROSS2_PLEVEL_IN2SCNDRY_s_level_out_bus_d5' to cell 'FDR' [c:/Studia/Magisterka/1_semestr/sdup/lab/2_3/cordic_acc/cordic_acc.srcs/sources_1/bd/mb_design/ipshared/ef1e/hdl/lib_cdc_v1_0_rfs.vhd:821]
	Parameter INIT bound to: 1'b0 
INFO: [Synth 8-113] binding component instance 'CROSS2_PLEVEL_IN2SCNDRY_s_level_out_bus_d5' to cell 'FDR' [c:/Studia/Magisterka/1_semestr/sdup/lab/2_3/cordic_acc/cordic_acc.srcs/sources_1/bd/mb_design/ipshared/ef1e/hdl/lib_cdc_v1_0_rfs.vhd:821]
	Parameter INIT bound to: 1'b0 
INFO: [Synth 8-113] binding component instance 'CROSS2_PLEVEL_IN2SCNDRY_s_level_out_bus_d5' to cell 'FDR' [c:/Studia/Magisterka/1_semestr/sdup/lab/2_3/cordic_acc/cordic_acc.srcs/sources_1/bd/mb_design/ipshared/ef1e/hdl/lib_cdc_v1_0_rfs.vhd:821]
	Parameter INIT bound to: 1'b0 
INFO: [Synth 8-113] binding component instance 'CROSS2_PLEVEL_IN2SCNDRY_s_level_out_bus_d5' to cell 'FDR' [c:/Studia/Magisterka/1_semestr/sdup/lab/2_3/cordic_acc/cordic_acc.srcs/sources_1/bd/mb_design/ipshared/ef1e/hdl/lib_cdc_v1_0_rfs.vhd:821]
	Parameter INIT bound to: 1'b0 
INFO: [Synth 8-113] binding component instance 'CROSS2_PLEVEL_IN2SCNDRY_s_level_out_bus_d5' to cell 'FDR' [c:/Studia/Magisterka/1_semestr/sdup/lab/2_3/cordic_acc/cordic_acc.srcs/sources_1/bd/mb_design/ipshared/ef1e/hdl/lib_cdc_v1_0_rfs.vhd:821]
	Parameter INIT bound to: 1'b0 
INFO: [Synth 8-113] binding component instance 'CROSS2_PLEVEL_IN2SCNDRY_s_level_out_bus_d6' to cell 'FDR' [c:/Studia/Magisterka/1_semestr/sdup/lab/2_3/cordic_acc/cordic_acc.srcs/sources_1/bd/mb_design/ipshared/ef1e/hdl/lib_cdc_v1_0_rfs.vhd:837]
	Parameter INIT bound to: 1'b0 
INFO: [Synth 8-113] binding component instance 'CROSS2_PLEVEL_IN2SCNDRY_s_level_out_bus_d6' to cell 'FDR' [c:/Studia/Magisterka/1_semestr/sdup/lab/2_3/cordic_acc/cordic_acc.srcs/sources_1/bd/mb_design/ipshared/ef1e/hdl/lib_cdc_v1_0_rfs.vhd:837]
	Parameter INIT bound to: 1'b0 
INFO: [Synth 8-113] binding component instance 'CROSS2_PLEVEL_IN2SCNDRY_s_level_out_bus_d6' to cell 'FDR' [c:/Studia/Magisterka/1_semestr/sdup/lab/2_3/cordic_acc/cordic_acc.srcs/sources_1/bd/mb_design/ipshared/ef1e/hdl/lib_cdc_v1_0_rfs.vhd:837]
	Parameter INIT bound to: 1'b0 
INFO: [Synth 8-113] binding component instance 'CROSS2_PLEVEL_IN2SCNDRY_s_level_out_bus_d6' to cell 'FDR' [c:/Studia/Magisterka/1_semestr/sdup/lab/2_3/cordic_acc/cordic_acc.srcs/sources_1/bd/mb_design/ipshared/ef1e/hdl/lib_cdc_v1_0_rfs.vhd:837]
	Parameter INIT bound to: 1'b0 
INFO: [Synth 8-113] binding component instance 'CROSS2_PLEVEL_IN2SCNDRY_s_level_out_bus_d6' to cell 'FDR' [c:/Studia/Magisterka/1_semestr/sdup/lab/2_3/cordic_acc/cordic_acc.srcs/sources_1/bd/mb_design/ipshared/ef1e/hdl/lib_cdc_v1_0_rfs.vhd:837]
	Parameter INIT bound to: 1'b0 
INFO: [Synth 8-113] binding component instance 'CROSS2_PLEVEL_IN2SCNDRY_s_level_out_bus_d6' to cell 'FDR' [c:/Studia/Magisterka/1_semestr/sdup/lab/2_3/cordic_acc/cordic_acc.srcs/sources_1/bd/mb_design/ipshared/ef1e/hdl/lib_cdc_v1_0_rfs.vhd:837]
	Parameter INIT bound to: 1'b0 
INFO: [Synth 8-113] binding component instance 'CROSS2_PLEVEL_IN2SCNDRY_s_level_out_bus_d6' to cell 'FDR' [c:/Studia/Magisterka/1_semestr/sdup/lab/2_3/cordic_acc/cordic_acc.srcs/sources_1/bd/mb_design/ipshared/ef1e/hdl/lib_cdc_v1_0_rfs.vhd:837]
	Parameter INIT bound to: 1'b0 
INFO: [Synth 8-113] binding component instance 'CROSS2_PLEVEL_IN2SCNDRY_s_level_out_bus_d6' to cell 'FDR' [c:/Studia/Magisterka/1_semestr/sdup/lab/2_3/cordic_acc/cordic_acc.srcs/sources_1/bd/mb_design/ipshared/ef1e/hdl/lib_cdc_v1_0_rfs.vhd:837]
	Parameter INIT bound to: 1'b0 
INFO: [Synth 8-113] binding component instance 'CROSS2_PLEVEL_IN2SCNDRY_s_level_out_bus_d6' to cell 'FDR' [c:/Studia/Magisterka/1_semestr/sdup/lab/2_3/cordic_acc/cordic_acc.srcs/sources_1/bd/mb_design/ipshared/ef1e/hdl/lib_cdc_v1_0_rfs.vhd:837]
	Parameter INIT bound to: 1'b0 
INFO: [Synth 8-113] binding component instance 'CROSS2_PLEVEL_IN2SCNDRY_s_level_out_bus_d6' to cell 'FDR' [c:/Studia/Magisterka/1_semestr/sdup/lab/2_3/cordic_acc/cordic_acc.srcs/sources_1/bd/mb_design/ipshared/ef1e/hdl/lib_cdc_v1_0_rfs.vhd:837]
	Parameter INIT bound to: 1'b0 
INFO: [Synth 8-113] binding component instance 'CROSS2_PLEVEL_IN2SCNDRY_s_level_out_bus_d6' to cell 'FDR' [c:/Studia/Magisterka/1_semestr/sdup/lab/2_3/cordic_acc/cordic_acc.srcs/sources_1/bd/mb_design/ipshared/ef1e/hdl/lib_cdc_v1_0_rfs.vhd:837]
	Parameter INIT bound to: 1'b0 
INFO: [Synth 8-113] binding component instance 'CROSS2_PLEVEL_IN2SCNDRY_s_level_out_bus_d6' to cell 'FDR' [c:/Studia/Magisterka/1_semestr/sdup/lab/2_3/cordic_acc/cordic_acc.srcs/sources_1/bd/mb_design/ipshared/ef1e/hdl/lib_cdc_v1_0_rfs.vhd:837]
INFO: [Synth 8-256] done synthesizing module 'cdc_sync' (5#1) [c:/Studia/Magisterka/1_semestr/sdup/lab/2_3/cordic_acc/cordic_acc.srcs/sources_1/bd/mb_design/ipshared/ef1e/hdl/lib_cdc_v1_0_rfs.vhd:106]
WARNING: [Synth 8-6014] Unused sequential element Not_Dual.ALLOUT0_ND.READ_REG_GEN[0].GPIO_DBus_i_reg was removed.  [c:/Studia/Magisterka/1_semestr/sdup/lab/2_3/cordic_acc/cordic_acc.srcs/sources_1/bd/mb_design/ipshared/a7c9/hdl/axi_gpio_v2_0_vh_rfs.vhd:384]
WARNING: [Synth 8-6014] Unused sequential element Not_Dual.ALLOUT0_ND.READ_REG_GEN[1].GPIO_DBus_i_reg was removed.  [c:/Studia/Magisterka/1_semestr/sdup/lab/2_3/cordic_acc/cordic_acc.srcs/sources_1/bd/mb_design/ipshared/a7c9/hdl/axi_gpio_v2_0_vh_rfs.vhd:384]
WARNING: [Synth 8-6014] Unused sequential element Not_Dual.ALLOUT0_ND.READ_REG_GEN[2].GPIO_DBus_i_reg was removed.  [c:/Studia/Magisterka/1_semestr/sdup/lab/2_3/cordic_acc/cordic_acc.srcs/sources_1/bd/mb_design/ipshared/a7c9/hdl/axi_gpio_v2_0_vh_rfs.vhd:384]
WARNING: [Synth 8-6014] Unused sequential element Not_Dual.ALLOUT0_ND.READ_REG_GEN[3].GPIO_DBus_i_reg was removed.  [c:/Studia/Magisterka/1_semestr/sdup/lab/2_3/cordic_acc/cordic_acc.srcs/sources_1/bd/mb_design/ipshared/a7c9/hdl/axi_gpio_v2_0_vh_rfs.vhd:384]
WARNING: [Synth 8-6014] Unused sequential element Not_Dual.ALLOUT0_ND.READ_REG_GEN[4].GPIO_DBus_i_reg was removed.  [c:/Studia/Magisterka/1_semestr/sdup/lab/2_3/cordic_acc/cordic_acc.srcs/sources_1/bd/mb_design/ipshared/a7c9/hdl/axi_gpio_v2_0_vh_rfs.vhd:384]
WARNING: [Synth 8-6014] Unused sequential element Not_Dual.ALLOUT0_ND.READ_REG_GEN[5].GPIO_DBus_i_reg was removed.  [c:/Studia/Magisterka/1_semestr/sdup/lab/2_3/cordic_acc/cordic_acc.srcs/sources_1/bd/mb_design/ipshared/a7c9/hdl/axi_gpio_v2_0_vh_rfs.vhd:384]
WARNING: [Synth 8-6014] Unused sequential element Not_Dual.ALLOUT0_ND.READ_REG_GEN[6].GPIO_DBus_i_reg was removed.  [c:/Studia/Magisterka/1_semestr/sdup/lab/2_3/cordic_acc/cordic_acc.srcs/sources_1/bd/mb_design/ipshared/a7c9/hdl/axi_gpio_v2_0_vh_rfs.vhd:384]
WARNING: [Synth 8-6014] Unused sequential element Not_Dual.ALLOUT0_ND.READ_REG_GEN[7].GPIO_DBus_i_reg was removed.  [c:/Studia/Magisterka/1_semestr/sdup/lab/2_3/cordic_acc/cordic_acc.srcs/sources_1/bd/mb_design/ipshared/a7c9/hdl/axi_gpio_v2_0_vh_rfs.vhd:384]
WARNING: [Synth 8-6014] Unused sequential element Not_Dual.ALLOUT0_ND.READ_REG_GEN[8].GPIO_DBus_i_reg was removed.  [c:/Studia/Magisterka/1_semestr/sdup/lab/2_3/cordic_acc/cordic_acc.srcs/sources_1/bd/mb_design/ipshared/a7c9/hdl/axi_gpio_v2_0_vh_rfs.vhd:384]
WARNING: [Synth 8-6014] Unused sequential element Not_Dual.ALLOUT0_ND.READ_REG_GEN[9].GPIO_DBus_i_reg was removed.  [c:/Studia/Magisterka/1_semestr/sdup/lab/2_3/cordic_acc/cordic_acc.srcs/sources_1/bd/mb_design/ipshared/a7c9/hdl/axi_gpio_v2_0_vh_rfs.vhd:384]
WARNING: [Synth 8-6014] Unused sequential element Not_Dual.ALLOUT0_ND.READ_REG_GEN[10].GPIO_DBus_i_reg was removed.  [c:/Studia/Magisterka/1_semestr/sdup/lab/2_3/cordic_acc/cordic_acc.srcs/sources_1/bd/mb_design/ipshared/a7c9/hdl/axi_gpio_v2_0_vh_rfs.vhd:384]
WARNING: [Synth 8-6014] Unused sequential element Not_Dual.ALLOUT0_ND.READ_REG_GEN[11].GPIO_DBus_i_reg was removed.  [c:/Studia/Magisterka/1_semestr/sdup/lab/2_3/cordic_acc/cordic_acc.srcs/sources_1/bd/mb_design/ipshared/a7c9/hdl/axi_gpio_v2_0_vh_rfs.vhd:384]
INFO: [Synth 8-256] done synthesizing module 'GPIO_Core' (6#1) [c:/Studia/Magisterka/1_semestr/sdup/lab/2_3/cordic_acc/cordic_acc.srcs/sources_1/bd/mb_design/ipshared/a7c9/hdl/axi_gpio_v2_0_vh_rfs.vhd:178]
INFO: [Synth 8-256] done synthesizing module 'axi_gpio' (7#1) [c:/Studia/Magisterka/1_semestr/sdup/lab/2_3/cordic_acc/cordic_acc.srcs/sources_1/bd/mb_design/ipshared/a7c9/hdl/axi_gpio_v2_0_vh_rfs.vhd:1351]
INFO: [Synth 8-256] done synthesizing module 'mb_design_axi_gpio_0_0' (8#1) [c:/Studia/Magisterka/1_semestr/sdup/lab/2_3/cordic_acc/cordic_acc.srcs/sources_1/bd/mb_design/ip/mb_design_axi_gpio_0_0/synth/mb_design_axi_gpio_0_0.vhd:86]
WARNING: [Synth 8-3331] design cdc_sync has unconnected port prmry_aclk
WARNING: [Synth 8-3331] design cdc_sync has unconnected port prmry_resetn
WARNING: [Synth 8-3331] design cdc_sync has unconnected port prmry_in
WARNING: [Synth 8-3331] design cdc_sync has unconnected port scndry_resetn
WARNING: [Synth 8-3331] design GPIO_Core has unconnected port ABus_Reg[1]
WARNING: [Synth 8-3331] design GPIO_Core has unconnected port ABus_Reg[2]
WARNING: [Synth 8-3331] design GPIO_Core has unconnected port ABus_Reg[3]
WARNING: [Synth 8-3331] design GPIO_Core has unconnected port ABus_Reg[4]
WARNING: [Synth 8-3331] design GPIO_Core has unconnected port ABus_Reg[7]
WARNING: [Synth 8-3331] design GPIO_Core has unconnected port ABus_Reg[8]
WARNING: [Synth 8-3331] design GPIO_Core has unconnected port BE_Reg[0]
WARNING: [Synth 8-3331] design GPIO_Core has unconnected port BE_Reg[1]
WARNING: [Synth 8-3331] design GPIO_Core has unconnected port BE_Reg[2]
WARNING: [Synth 8-3331] design GPIO_Core has unconnected port BE_Reg[3]
WARNING: [Synth 8-3331] design GPIO_Core has unconnected port GPIO2_IO_I[0]
WARNING: [Synth 8-3331] design GPIO_Core has unconnected port GPIO2_IO_I[1]
WARNING: [Synth 8-3331] design GPIO_Core has unconnected port GPIO2_IO_I[2]
WARNING: [Synth 8-3331] design GPIO_Core has unconnected port GPIO2_IO_I[3]
WARNING: [Synth 8-3331] design GPIO_Core has unconnected port GPIO2_IO_I[4]
WARNING: [Synth 8-3331] design GPIO_Core has unconnected port GPIO2_IO_I[5]
WARNING: [Synth 8-3331] design GPIO_Core has unconnected port GPIO2_IO_I[6]
WARNING: [Synth 8-3331] design GPIO_Core has unconnected port GPIO2_IO_I[7]
WARNING: [Synth 8-3331] design GPIO_Core has unconnected port GPIO2_IO_I[8]
WARNING: [Synth 8-3331] design GPIO_Core has unconnected port GPIO2_IO_I[9]
WARNING: [Synth 8-3331] design GPIO_Core has unconnected port GPIO2_IO_I[10]
WARNING: [Synth 8-3331] design GPIO_Core has unconnected port GPIO2_IO_I[11]
WARNING: [Synth 8-3331] design GPIO_Core has unconnected port GPIO2_IO_I[12]
WARNING: [Synth 8-3331] design GPIO_Core has unconnected port GPIO2_IO_I[13]
WARNING: [Synth 8-3331] design GPIO_Core has unconnected port GPIO2_IO_I[14]
WARNING: [Synth 8-3331] design GPIO_Core has unconnected port GPIO2_IO_I[15]
WARNING: [Synth 8-3331] design GPIO_Core has unconnected port GPIO2_IO_I[16]
WARNING: [Synth 8-3331] design GPIO_Core has unconnected port GPIO2_IO_I[17]
WARNING: [Synth 8-3331] design GPIO_Core has unconnected port GPIO2_IO_I[18]
WARNING: [Synth 8-3331] design GPIO_Core has unconnected port GPIO2_IO_I[19]
WARNING: [Synth 8-3331] design GPIO_Core has unconnected port GPIO2_IO_I[20]
WARNING: [Synth 8-3331] design GPIO_Core has unconnected port GPIO2_IO_I[21]
WARNING: [Synth 8-3331] design GPIO_Core has unconnected port GPIO2_IO_I[22]
WARNING: [Synth 8-3331] design GPIO_Core has unconnected port GPIO2_IO_I[23]
WARNING: [Synth 8-3331] design GPIO_Core has unconnected port GPIO2_IO_I[24]
WARNING: [Synth 8-3331] design GPIO_Core has unconnected port GPIO2_IO_I[25]
WARNING: [Synth 8-3331] design GPIO_Core has unconnected port GPIO2_IO_I[26]
WARNING: [Synth 8-3331] design GPIO_Core has unconnected port GPIO2_IO_I[27]
WARNING: [Synth 8-3331] design GPIO_Core has unconnected port GPIO2_IO_I[28]
WARNING: [Synth 8-3331] design GPIO_Core has unconnected port GPIO2_IO_I[29]
WARNING: [Synth 8-3331] design GPIO_Core has unconnected port GPIO2_IO_I[30]
WARNING: [Synth 8-3331] design GPIO_Core has unconnected port GPIO2_IO_I[31]
WARNING: [Synth 8-3331] design address_decoder has unconnected port Address_In_Erly[0]
WARNING: [Synth 8-3331] design address_decoder has unconnected port Address_In_Erly[1]
WARNING: [Synth 8-3331] design address_decoder has unconnected port Address_In_Erly[2]
WARNING: [Synth 8-3331] design address_decoder has unconnected port Address_In_Erly[3]
WARNING: [Synth 8-3331] design address_decoder has unconnected port Address_In_Erly[4]
WARNING: [Synth 8-3331] design address_decoder has unconnected port Address_In_Erly[7]
WARNING: [Synth 8-3331] design address_decoder has unconnected port Address_In_Erly[8]
WARNING: [Synth 8-3331] design address_decoder has unconnected port Bus_RNW
WARNING: [Synth 8-3331] design slave_attachment has unconnected port S_AXI_WSTRB[3]
WARNING: [Synth 8-3331] design slave_attachment has unconnected port S_AXI_WSTRB[2]
WARNING: [Synth 8-3331] design slave_attachment has unconnected port S_AXI_WSTRB[1]
WARNING: [Synth 8-3331] design slave_attachment has unconnected port S_AXI_WSTRB[0]
---------------------------------------------------------------------------------
Finished RTL Elaboration : Time (s): cpu = 00:00:05 ; elapsed = 00:00:06 . Memory (MB): peak = 452.625 ; gain = 157.305
---------------------------------------------------------------------------------

Report Check Netlist: 
+------+------------------+-------+---------+-------+------------------+
|      |Item              |Errors |Warnings |Status |Description       |
+------+------------------+-------+---------+-------+------------------+
|1     |multi_driven_nets |      0|        0|Passed |Multi driven nets |
+------+------------------+-------+---------+-------+------------------+
---------------------------------------------------------------------------------
Start Handling Custom Attributes
---------------------------------------------------------------------------------
---------------------------------------------------------------------------------
Finished Handling Custom Attributes : Time (s): cpu = 00:00:05 ; elapsed = 00:00:06 . Memory (MB): peak = 452.625 ; gain = 157.305
---------------------------------------------------------------------------------
---------------------------------------------------------------------------------
Finished RTL Optimization Phase 1 : Time (s): cpu = 00:00:05 ; elapsed = 00:00:06 . Memory (MB): peak = 452.625 ; gain = 157.305
---------------------------------------------------------------------------------
INFO: [Netlist 29-17] Analyzing 72 Unisim elements for replacement
INFO: [Netlist 29-28] Unisim Transformation completed in 0 CPU seconds
INFO: [Device 21-403] Loading part xc7z020clg484-1
INFO: [Project 1-570] Preparing netlist for logic optimization

Processing XDC Constraints
Initializing timing engine
Parsing XDC File [c:/Studia/Magisterka/1_semestr/sdup/lab/2_3/cordic_acc/cordic_acc.srcs/sources_1/bd/mb_design/ip/mb_design_axi_gpio_0_0/mb_design_axi_gpio_0_0_ooc.xdc] for cell 'U0'
Finished Parsing XDC File [c:/Studia/Magisterka/1_semestr/sdup/lab/2_3/cordic_acc/cordic_acc.srcs/sources_1/bd/mb_design/ip/mb_design_axi_gpio_0_0/mb_design_axi_gpio_0_0_ooc.xdc] for cell 'U0'
Parsing XDC File [c:/Studia/Magisterka/1_semestr/sdup/lab/2_3/cordic_acc/cordic_acc.srcs/sources_1/bd/mb_design/ip/mb_design_axi_gpio_0_0/mb_design_axi_gpio_0_0_board.xdc] for cell 'U0'
Finished Parsing XDC File [c:/Studia/Magisterka/1_semestr/sdup/lab/2_3/cordic_acc/cordic_acc.srcs/sources_1/bd/mb_design/ip/mb_design_axi_gpio_0_0/mb_design_axi_gpio_0_0_board.xdc] for cell 'U0'
Parsing XDC File [c:/Studia/Magisterka/1_semestr/sdup/lab/2_3/cordic_acc/cordic_acc.srcs/sources_1/bd/mb_design/ip/mb_design_axi_gpio_0_0/mb_design_axi_gpio_0_0.xdc] for cell 'U0'
Finished Parsing XDC File [c:/Studia/Magisterka/1_semestr/sdup/lab/2_3/cordic_acc/cordic_acc.srcs/sources_1/bd/mb_design/ip/mb_design_axi_gpio_0_0/mb_design_axi_gpio_0_0.xdc] for cell 'U0'
Parsing XDC File [C:/Studia/Magisterka/1_semestr/sdup/lab/2_3/cordic_acc/cordic_acc.runs/mb_design_axi_gpio_0_0_synth_1/dont_touch.xdc]
Finished Parsing XDC File [C:/Studia/Magisterka/1_semestr/sdup/lab/2_3/cordic_acc/cordic_acc.runs/mb_design_axi_gpio_0_0_synth_1/dont_touch.xdc]
Completed Processing XDC Constraints

Netlist sorting complete. Time (s): cpu = 00:00:00 ; elapsed = 00:00:00.001 . Memory (MB): peak = 810.406 ; gain = 0.000
INFO: [Project 1-111] Unisim Transformation Summary:
  A total of 72 instances were transformed.
  FDR => FDRE: 72 instances

Netlist sorting complete. Time (s): cpu = 00:00:00 ; elapsed = 00:00:00.001 . Memory (MB): peak = 810.461 ; gain = 0.000
Constraint Validation Runtime : Time (s): cpu = 00:00:00 ; elapsed = 00:00:00.081 . Memory (MB): peak = 811.953 ; gain = 1.547
