#-----------------------------------------------------------
# Vivado v2018.3 (64-bit)
# SW Build 2405991 on Thu Dec  6 23:38:27 MST 2018
# IP Build 2404404 on Fri Dec  7 01:43:56 MST 2018
# Start of session at: Sun Jun 18 15:04:38 2023
# Process ID: 20772
# Current directory: C:/sdup/lab/3_1/cordic_acc
# Command line: vivado.exe -gui_launcher_event rodinguilauncherevent6384 C:\sdup\lab\3_1\cordic_acc\cordic_acc.xpr
# Log file: C:/sdup/lab/3_1/cordic_acc/vivado.log
# Journal file: C:/sdup/lab/3_1/cordic_acc\vivado.jou
#-----------------------------------------------------------
start_gui
open_project C:/sdup/lab/3_1/cordic_acc/cordic_acc.xpr
Scanning sources...
Finished scanning sources
INFO: [IP_Flow 19-234] Refreshing IP repositories
INFO: [IP_Flow 19-1700] Loaded user IP repository 'c:/sdup/lab/3_1'.
WARNING: [IP_Flow 19-3656] If you move the project, the path for repository 'c:/sdup/lab/3_1' may become invalid. A better location for the repository would be in a path adjacent to the project. (Current project location is 'c:/sdup/lab/3_1/cordic_acc'.)
INFO: [IP_Flow 19-2313] Loaded Vivado IP repository 'C:/MyPrograms/Vivado/Vivado/2018.3/data/ip'.
open_project: Time (s): cpu = 00:00:35 ; elapsed = 00:00:19 . Memory (MB): peak = 746.465 ; gain = 144.656
update_compile_order -fileset sources_1
exit
INFO: [Common 17-206] Exiting Vivado at Sun Jun 18 15:05:53 2023...
