#-----------------------------------------------------------
# Vivado v2018.3 (64-bit)
# SW Build 2405991 on Thu Dec  6 23:38:27 MST 2018
# IP Build 2404404 on Fri Dec  7 01:43:56 MST 2018
# Start of session at: Sun Jun 18 15:01:42 2023
# Process ID: 14188
# Current directory: C:/sdup/lab/3_1/cordic_acc
# Command line: vivado.exe -gui_launcher_event rodinguilauncherevent23432 C:\sdup\lab\3_1\cordic_acc\cordic_acc.xpr
# Log file: C:/sdup/lab/3_1/cordic_acc/vivado.log
# Journal file: C:/sdup/lab/3_1/cordic_acc\vivado.jou
#-----------------------------------------------------------
start_gui
open_project C:/sdup/lab/3_1/cordic_acc/cordic_acc.xpr
Scanning sources...
Finished scanning sources
INFO: [IP_Flow 19-234] Refreshing IP repositories
INFO: [IP_Flow 19-1700] Loaded user IP repository 'c:/sdup/lab/3_1'.
WARNING: [IP_Flow 19-3656] If you move the project, the path for repository 'c:/sdup/lab/3_1' may become invalid. A better location for the repository would be in a path adjacent to the project. (Current project location is 'c:/sdup/lab/3_1/cordic_acc'.)
INFO: [IP_Flow 19-2313] Loaded Vivado IP repository 'C:/MyPrograms/Vivado/Vivado/2018.3/data/ip'.
open_project: Time (s): cpu = 00:00:30 ; elapsed = 00:00:18 . Memory (MB): peak = 687.863 ; gain = 123.254
update_compile_order -fileset sources_1
open_bd_design {C:/sdup/lab/3_1/cordic_acc/cordic_acc.srcs/sources_1/bd/design_1/design_1.bd}
Successfully read diagram <design_1> from BD file <C:/sdup/lab/3_1/cordic_acc/cordic_acc.srcs/sources_1/bd/design_1/design_1.bd>
open_bd_design: Time (s): cpu = 00:00:18 ; elapsed = 00:00:15 . Memory (MB): peak = 1049.262 ; gain = 77.008
exit
INFO: [Common 17-206] Exiting Vivado at Sun Jun 18 15:04:33 2023...
