11:03:32 INFO  : Registering command handlers for SDK TCF services
11:03:34 INFO  : Launching XSCT server: xsct.bat -interactive C:\sdup\lab\5_1\stream_acc_system\stream_acc_system.sdk\temp_xsdb_launch_script.tcl
11:03:40 INFO  : XSCT server has started successfully.
11:03:47 INFO  : Successfully done setting XSCT server connection channel  
11:03:47 INFO  : Successfully done setting SDK workspace  
11:03:47 INFO  : Processing command line option -hwspec C:/sdup/lab/5_1/stream_acc_system/stream_acc_system.sdk/stream_acc_design_wrapper.hdf.
13:29:55 INFO  : Registering command handlers for SDK TCF services
13:29:55 INFO  : Launching XSCT server: xsct.bat -interactive C:\sdup\lab\5_1\stream_acc_system\stream_acc_system.sdk\temp_xsdb_launch_script.tcl
13:30:01 INFO  : XSCT server has started successfully.
13:30:05 INFO  : Successfully done setting XSCT server connection channel  
13:30:05 INFO  : Successfully done setting SDK workspace  
13:30:05 INFO  : Processing command line option -hwspec C:/sdup/lab/5_1/stream_acc_system/stream_acc_system.sdk/stream_acc_design_wrapper.hdf.
13:30:11 INFO  : Checking for hwspec changes in the project stream_acc_design_wrapper_hw_platform_0.
13:30:21 INFO  : Connected to target on host '127.0.0.1' and port '3121'.
13:30:21 INFO  : 'targets -set -filter {jtag_cable_name =~ "Digilent Zed 210248586520" && level==0} -index 1' command is executed.
13:30:24 INFO  : FPGA configured successfully with bitstream "C:/sdup/lab/5_1/stream_acc_system/stream_acc_system.sdk/stream_acc_design_wrapper_hw_platform_0/stream_acc_design_wrapper.bit"
13:30:36 INFO  : 'targets -set -filter {jtag_cable_name =~ "Digilent Zed 210248586520" && level==0} -index 1' command is executed.
13:30:36 INFO  : 'fpga -state' command is executed.
13:30:36 INFO  : Connected to target on host '127.0.0.1' and port '3121'.
13:30:36 INFO  : Jtag cable 'Digilent Zed 210248586520' is selected.
13:30:36 INFO  : 'jtag frequency' command is executed.
13:30:36 INFO  : Sourcing of 'C:/sdup/lab/5_1/stream_acc_system/stream_acc_system.sdk/stream_acc_design_wrapper_hw_platform_0/ps7_init.tcl' is done.
13:30:36 INFO  : Context for 'APU' is selected.
13:30:36 INFO  : Hardware design information is loaded from 'C:/sdup/lab/5_1/stream_acc_system/stream_acc_system.sdk/stream_acc_design_wrapper_hw_platform_0/system.hdf'.
13:30:36 INFO  : 'configparams force-mem-access 1' command is executed.
13:30:36 INFO  : Context for 'APU' is selected.
13:30:36 INFO  : 'stop' command is executed.
13:30:37 INFO  : 'ps7_init' command is executed.
13:30:37 INFO  : 'ps7_post_config' command is executed.
13:30:37 INFO  : Context for processor 'ps7_cortexa9_0' is selected.
13:30:37 INFO  : Processor reset is completed for 'ps7_cortexa9_0'.
13:30:37 INFO  : Context for processor 'ps7_cortexa9_0' is selected.
13:30:37 INFO  : The application 'C:/sdup/lab/5_1/stream_acc_system/stream_acc_system.sdk/find_max/Debug/find_max.elf' is downloaded to processor 'ps7_cortexa9_0'.
13:30:37 INFO  : 'configparams force-mem-access 0' command is executed.
13:30:37 INFO  : ----------------XSDB Script----------------
connect -url tcp:127.0.0.1:3121
source C:/sdup/lab/5_1/stream_acc_system/stream_acc_system.sdk/stream_acc_design_wrapper_hw_platform_0/ps7_init.tcl
targets -set -nocase -filter {name =~"APU*" && jtag_cable_name =~ "Digilent Zed 210248586520"} -index 0
loadhw -hw C:/sdup/lab/5_1/stream_acc_system/stream_acc_system.sdk/stream_acc_design_wrapper_hw_platform_0/system.hdf -mem-ranges [list {0x40000000 0xbfffffff}]
configparams force-mem-access 1
targets -set -nocase -filter {name =~"APU*" && jtag_cable_name =~ "Digilent Zed 210248586520"} -index 0
stop
ps7_init
ps7_post_config
targets -set -nocase -filter {name =~ "ARM*#0" && jtag_cable_name =~ "Digilent Zed 210248586520"} -index 0
rst -processor
targets -set -nocase -filter {name =~ "ARM*#0" && jtag_cable_name =~ "Digilent Zed 210248586520"} -index 0
dow C:/sdup/lab/5_1/stream_acc_system/stream_acc_system.sdk/find_max/Debug/find_max.elf
configparams force-mem-access 0
----------------End of Script----------------

13:30:38 INFO  : Memory regions updated for context APU
13:30:38 INFO  : Context for processor 'ps7_cortexa9_0' is selected.
13:30:38 INFO  : 'con' command is executed.
13:30:38 INFO  : ----------------XSDB Script (After Launch)----------------
targets -set -nocase -filter {name =~ "ARM*#0" && jtag_cable_name =~ "Digilent Zed 210248586520"} -index 0
con
----------------End of Script----------------

13:30:38 INFO  : Launch script is exported to file 'C:\sdup\lab\5_1\stream_acc_system\stream_acc_system.sdk\.sdk\launch_scripts\xilinx_c-c++_application_(system_debugger)\system_debugger_using_debug_find_max.elf_on_local.tcl'
13:31:06 INFO  : Disconnected from the channel tcfchan#1.
13:31:08 INFO  : 'targets -set -filter {jtag_cable_name =~ "Digilent Zed 210248586520" && level==0} -index 1' command is executed.
13:31:08 INFO  : 'fpga -state' command is executed.
13:31:08 INFO  : Connected to target on host '127.0.0.1' and port '3121'.
13:31:08 INFO  : Jtag cable 'Digilent Zed 210248586520' is selected.
13:31:08 INFO  : 'jtag frequency' command is executed.
13:31:08 INFO  : Sourcing of 'C:/sdup/lab/5_1/stream_acc_system/stream_acc_system.sdk/stream_acc_design_wrapper_hw_platform_0/ps7_init.tcl' is done.
13:31:08 INFO  : Context for 'APU' is selected.
13:31:11 INFO  : Hardware design information is loaded from 'C:/sdup/lab/5_1/stream_acc_system/stream_acc_system.sdk/stream_acc_design_wrapper_hw_platform_0/system.hdf'.
13:31:11 INFO  : 'configparams force-mem-access 1' command is executed.
13:31:11 INFO  : Context for 'APU' is selected.
13:31:11 INFO  : 'stop' command is executed.
13:31:12 INFO  : 'ps7_init' command is executed.
13:31:12 INFO  : 'ps7_post_config' command is executed.
13:31:12 INFO  : Context for processor 'ps7_cortexa9_0' is selected.
13:31:12 INFO  : Processor reset is completed for 'ps7_cortexa9_0'.
13:31:12 INFO  : Context for processor 'ps7_cortexa9_0' is selected.
13:31:12 INFO  : The application 'C:/sdup/lab/5_1/stream_acc_system/stream_acc_system.sdk/find_max/Debug/find_max.elf' is downloaded to processor 'ps7_cortexa9_0'.
13:31:12 INFO  : 'configparams force-mem-access 0' command is executed.
13:31:12 INFO  : ----------------XSDB Script----------------
connect -url tcp:127.0.0.1:3121
source C:/sdup/lab/5_1/stream_acc_system/stream_acc_system.sdk/stream_acc_design_wrapper_hw_platform_0/ps7_init.tcl
targets -set -nocase -filter {name =~"APU*" && jtag_cable_name =~ "Digilent Zed 210248586520"} -index 0
loadhw -hw C:/sdup/lab/5_1/stream_acc_system/stream_acc_system.sdk/stream_acc_design_wrapper_hw_platform_0/system.hdf -mem-ranges [list {0x40000000 0xbfffffff}]
configparams force-mem-access 1
targets -set -nocase -filter {name =~"APU*" && jtag_cable_name =~ "Digilent Zed 210248586520"} -index 0
stop
ps7_init
ps7_post_config
targets -set -nocase -filter {name =~ "ARM*#0" && jtag_cable_name =~ "Digilent Zed 210248586520"} -index 0
rst -processor
targets -set -nocase -filter {name =~ "ARM*#0" && jtag_cable_name =~ "Digilent Zed 210248586520"} -index 0
dow C:/sdup/lab/5_1/stream_acc_system/stream_acc_system.sdk/find_max/Debug/find_max.elf
configparams force-mem-access 0
----------------End of Script----------------

13:31:13 INFO  : Memory regions updated for context APU
13:31:13 INFO  : Context for processor 'ps7_cortexa9_0' is selected.
13:31:13 INFO  : 'con' command is executed.
13:31:13 INFO  : ----------------XSDB Script (After Launch)----------------
targets -set -nocase -filter {name =~ "ARM*#0" && jtag_cable_name =~ "Digilent Zed 210248586520"} -index 0
con
----------------End of Script----------------

13:31:13 INFO  : Launch script is exported to file 'C:\sdup\lab\5_1\stream_acc_system\stream_acc_system.sdk\.sdk\launch_scripts\xilinx_c-c++_application_(system_debugger)\system_debugger_using_debug_find_max.elf_on_local.tcl'
13:36:48 INFO  : Connected to target on host '127.0.0.1' and port '3121'.
13:36:48 INFO  : 'targets -set -filter {jtag_cable_name =~ "Digilent Zed 210248586520" && level==0} -index 1' command is executed.
13:36:50 INFO  : FPGA configured successfully with bitstream "C:/sdup/lab/5_1/stream_acc_system/stream_acc_system.sdk/stream_acc_design_wrapper_hw_platform_0/stream_acc_design_wrapper.bit"
13:37:05 INFO  : Disconnected from the channel tcfchan#2.
13:37:07 INFO  : 'targets -set -filter {jtag_cable_name =~ "Digilent Zed 210248586520" && level==0} -index 1' command is executed.
13:37:07 INFO  : 'fpga -state' command is executed.
13:37:07 INFO  : Connected to target on host '127.0.0.1' and port '3121'.
13:37:07 INFO  : Jtag cable 'Digilent Zed 210248586520' is selected.
13:37:07 INFO  : 'jtag frequency' command is executed.
13:37:07 INFO  : Sourcing of 'C:/sdup/lab/5_1/stream_acc_system/stream_acc_system.sdk/stream_acc_design_wrapper_hw_platform_0/ps7_init.tcl' is done.
13:37:07 INFO  : Context for 'APU' is selected.
13:37:09 INFO  : Hardware design information is loaded from 'C:/sdup/lab/5_1/stream_acc_system/stream_acc_system.sdk/stream_acc_design_wrapper_hw_platform_0/system.hdf'.
13:37:09 INFO  : 'configparams force-mem-access 1' command is executed.
13:37:09 INFO  : Context for 'APU' is selected.
13:37:10 INFO  : 'stop' command is executed.
13:37:11 INFO  : 'ps7_init' command is executed.
13:37:11 INFO  : 'ps7_post_config' command is executed.
13:37:11 INFO  : Context for processor 'ps7_cortexa9_0' is selected.
13:37:11 INFO  : Processor reset is completed for 'ps7_cortexa9_0'.
13:37:11 INFO  : Context for processor 'ps7_cortexa9_0' is selected.
13:37:11 INFO  : The application 'C:/sdup/lab/5_1/stream_acc_system/stream_acc_system.sdk/find_max/Debug/find_max.elf' is downloaded to processor 'ps7_cortexa9_0'.
13:37:11 INFO  : 'configparams force-mem-access 0' command is executed.
13:37:11 INFO  : ----------------XSDB Script----------------
connect -url tcp:127.0.0.1:3121
source C:/sdup/lab/5_1/stream_acc_system/stream_acc_system.sdk/stream_acc_design_wrapper_hw_platform_0/ps7_init.tcl
targets -set -nocase -filter {name =~"APU*" && jtag_cable_name =~ "Digilent Zed 210248586520"} -index 0
loadhw -hw C:/sdup/lab/5_1/stream_acc_system/stream_acc_system.sdk/stream_acc_design_wrapper_hw_platform_0/system.hdf -mem-ranges [list {0x40000000 0xbfffffff}]
configparams force-mem-access 1
targets -set -nocase -filter {name =~"APU*" && jtag_cable_name =~ "Digilent Zed 210248586520"} -index 0
stop
ps7_init
ps7_post_config
targets -set -nocase -filter {name =~ "ARM*#0" && jtag_cable_name =~ "Digilent Zed 210248586520"} -index 0
rst -processor
targets -set -nocase -filter {name =~ "ARM*#0" && jtag_cable_name =~ "Digilent Zed 210248586520"} -index 0
dow C:/sdup/lab/5_1/stream_acc_system/stream_acc_system.sdk/find_max/Debug/find_max.elf
configparams force-mem-access 0
----------------End of Script----------------

13:37:11 INFO  : Memory regions updated for context APU
13:37:12 INFO  : Context for processor 'ps7_cortexa9_0' is selected.
13:37:12 INFO  : 'con' command is executed.
13:37:12 INFO  : ----------------XSDB Script (After Launch)----------------
targets -set -nocase -filter {name =~ "ARM*#0" && jtag_cable_name =~ "Digilent Zed 210248586520"} -index 0
con
----------------End of Script----------------

13:37:12 INFO  : Launch script is exported to file 'C:\sdup\lab\5_1\stream_acc_system\stream_acc_system.sdk\.sdk\launch_scripts\xilinx_c-c++_application_(system_debugger)\system_debugger_using_debug_find_max.elf_on_local.tcl'
13:40:08 INFO  : Disconnected from the channel tcfchan#3.
13:40:10 INFO  : 'targets -set -filter {jtag_cable_name =~ "Digilent Zed 210248586520" && level==0} -index 1' command is executed.
13:40:10 INFO  : 'fpga -state' command is executed.
13:40:10 INFO  : Connected to target on host '127.0.0.1' and port '3121'.
13:40:10 INFO  : Jtag cable 'Digilent Zed 210248586520' is selected.
13:40:10 INFO  : 'jtag frequency' command is executed.
13:40:10 INFO  : Sourcing of 'C:/sdup/lab/5_1/stream_acc_system/stream_acc_system.sdk/stream_acc_design_wrapper_hw_platform_0/ps7_init.tcl' is done.
13:40:10 INFO  : Context for 'APU' is selected.
13:40:12 INFO  : Hardware design information is loaded from 'C:/sdup/lab/5_1/stream_acc_system/stream_acc_system.sdk/stream_acc_design_wrapper_hw_platform_0/system.hdf'.
13:40:12 INFO  : 'configparams force-mem-access 1' command is executed.
13:40:12 INFO  : Context for 'APU' is selected.
13:40:12 INFO  : 'stop' command is executed.
13:40:14 INFO  : 'ps7_init' command is executed.
13:40:14 INFO  : 'ps7_post_config' command is executed.
13:40:14 INFO  : Context for processor 'ps7_cortexa9_0' is selected.
13:40:14 INFO  : Processor reset is completed for 'ps7_cortexa9_0'.
13:40:14 INFO  : Context for processor 'ps7_cortexa9_0' is selected.
13:40:14 INFO  : The application 'C:/sdup/lab/5_1/stream_acc_system/stream_acc_system.sdk/find_max/Debug/find_max.elf' is downloaded to processor 'ps7_cortexa9_0'.
13:40:14 INFO  : 'configparams force-mem-access 0' command is executed.
13:40:14 INFO  : ----------------XSDB Script----------------
connect -url tcp:127.0.0.1:3121
source C:/sdup/lab/5_1/stream_acc_system/stream_acc_system.sdk/stream_acc_design_wrapper_hw_platform_0/ps7_init.tcl
targets -set -nocase -filter {name =~"APU*" && jtag_cable_name =~ "Digilent Zed 210248586520"} -index 0
loadhw -hw C:/sdup/lab/5_1/stream_acc_system/stream_acc_system.sdk/stream_acc_design_wrapper_hw_platform_0/system.hdf -mem-ranges [list {0x40000000 0xbfffffff}]
configparams force-mem-access 1
targets -set -nocase -filter {name =~"APU*" && jtag_cable_name =~ "Digilent Zed 210248586520"} -index 0
stop
ps7_init
ps7_post_config
targets -set -nocase -filter {name =~ "ARM*#0" && jtag_cable_name =~ "Digilent Zed 210248586520"} -index 0
rst -processor
targets -set -nocase -filter {name =~ "ARM*#0" && jtag_cable_name =~ "Digilent Zed 210248586520"} -index 0
dow C:/sdup/lab/5_1/stream_acc_system/stream_acc_system.sdk/find_max/Debug/find_max.elf
configparams force-mem-access 0
----------------End of Script----------------

13:40:14 INFO  : Memory regions updated for context APU
13:40:14 INFO  : Context for processor 'ps7_cortexa9_0' is selected.
13:40:14 INFO  : 'con' command is executed.
13:40:14 INFO  : ----------------XSDB Script (After Launch)----------------
targets -set -nocase -filter {name =~ "ARM*#0" && jtag_cable_name =~ "Digilent Zed 210248586520"} -index 0
con
----------------End of Script----------------

13:40:14 INFO  : Launch script is exported to file 'C:\sdup\lab\5_1\stream_acc_system\stream_acc_system.sdk\.sdk\launch_scripts\xilinx_c-c++_application_(system_debugger)\system_debugger_using_debug_find_max.elf_on_local.tcl'
14:14:23 INFO  : Disconnected from the channel tcfchan#4.
