#-----------------------------------------------------------
# Vivado v2018.3 (64-bit)
# SW Build 2405991 on Thu Dec  6 23:38:27 MST 2018
# IP Build 2404404 on Fri Dec  7 01:43:56 MST 2018
# Start of session at: Wed Apr 12 11:19:24 2023
# Process ID: 18528
# Current directory: C:/sdup/lab/4/6_1
# Command line: vivado.exe -gui_launcher_event rodinguilauncherevent12272 C:\sdup\lab\4\6_1\4_1.xpr
# Log file: C:/sdup/lab/4/6_1/vivado.log
# Journal file: C:/sdup/lab/4/6_1\vivado.jou
#-----------------------------------------------------------
start_gui
open_project C:/sdup/lab/4/6_1/4_1.xpr
Scanning sources...
Finished scanning sources
INFO: [IP_Flow 19-234] Refreshing IP repositories
INFO: [IP_Flow 19-1704] No user IP repositories specified
INFO: [IP_Flow 19-2313] Loaded Vivado IP repository 'C:/MyPrograms/Vivado/Vivado/2018.3/data/ip'.
open_project: Time (s): cpu = 00:00:25 ; elapsed = 00:00:16 . Memory (MB): peak = 667.520 ; gain = 101.035
update_compile_order -fileset sources_1
exit
INFO: [Common 17-206] Exiting Vivado at Wed Apr 12 11:23:08 2023...
