#-----------------------------------------------------------
# Vivado v2018.3 (64-bit)
# SW Build 2405991 on Thu Dec  6 23:38:27 MST 2018
# IP Build 2404404 on Fri Dec  7 01:43:56 MST 2018
# Start of session at: Fri May 12 12:18:00 2023
# Process ID: 7172
# Current directory: C:/sdup/lab/7/cordic
# Command line: vivado.exe -gui_launcher_event rodinguilauncherevent2664 C:\sdup\lab\7\cordic\cordic.xpr
# Log file: C:/sdup/lab/7/cordic/vivado.log
# Journal file: C:/sdup/lab/7/cordic\vivado.jou
#-----------------------------------------------------------
start_gui
open_project C:/sdup/lab/7/cordic/cordic.xpr
CRITICAL WARNING: [Project 1-19] Could not find the file 'C:/sdup/lab/7/tut7_src/cordic.srcs/sources_1/new/cordic_beh.sv'.
CRITICAL WARNING: [Project 1-19] Could not find the file 'C:/sdup/lab/7/tut7_src/cordic_rtl_TB_behav.wcfg'.
Scanning sources...
Finished scanning sources
INFO: [IP_Flow 19-234] Refreshing IP repositories
INFO: [IP_Flow 19-1704] No user IP repositories specified
INFO: [IP_Flow 19-2313] Loaded Vivado IP repository 'C:/MyPrograms/Vivado/Vivado/2018.3/data/ip'.
open_project: Time (s): cpu = 00:00:19 ; elapsed = 00:00:10 . Memory (MB): peak = 679.352 ; gain = 77.730
launch_simulation
INFO: [Vivado 12-5682] Launching behavioral simulation in 'C:/sdup/lab/7/cordic/cordic.sim/sim_1/behav/xsim'
INFO: [SIM-utils-51] Simulation object is 'sim_1'
INFO: [SIM-utils-54] Inspecting design source files for 'cordic_rtl7_TB' in fileset 'sim_1'...
INFO: [USF-XSim-97] Finding global include files...
INFO: [USF-XSim-100] Fetching design files from 'sources_1'...(this may take a while)...
INFO: [USF-XSim-101] Fetching design files from 'sim_1'...
INFO: [USF-XSim-2] XSim::Compile design
INFO: [USF-XSim-61] Executing 'COMPILE and ANALYZE' step in 'C:/sdup/lab/7/cordic/cordic.sim/sim_1/behav/xsim'
"xvlog --incr --relax -prj cordic_rtl7_TB_vlog.prj"
INFO: [USF-XSim-69] 'compile' step finished in '1' seconds
INFO: [USF-XSim-3] XSim::Elaborate design
INFO: [USF-XSim-61] Executing 'ELABORATE' step in 'C:/sdup/lab/7/cordic/cordic.sim/sim_1/behav/xsim'
Vivado Simulator 2018.3
Copyright 1986-1999, 2001-2018 Xilinx, Inc. All Rights Reserved.
Running: C:/MyPrograms/Vivado/Vivado/2018.3/bin/unwrapped/win64.o/xelab.exe -wto 003fb02ce39d4498a9a1e7ae8ee40784 --incr --debug typical --relax --mt 2 -L xil_defaultlib -L unisims_ver -L unimacro_ver -L secureip --snapshot cordic_rtl7_TB_behav xil_defaultlib.cordic_rtl7_TB xil_defaultlib.glbl -log elaborate.log 
Using 2 slave threads.
Starting static elaboration
Completed static elaboration
INFO: [XSIM 43-4323] No Change in HDL. Linking previously generated obj files to create kernel
INFO: [USF-XSim-69] 'elaborate' step finished in '1' seconds
INFO: [USF-XSim-4] XSim::Simulate design
WARNING: [USF-XSim-17] WCFG file does not exist:C:/sdup/lab/7/tut7_src/cordic_rtl_TB_behav.wcfg
WARNING: [USF-XSim-17] WCFG file does not exist:C:/sdup/lab/7/tut7_src/cordic_rtl_TB_behav.wcfg
INFO: [USF-XSim-61] Executing 'SIMULATE' step in 'C:/sdup/lab/7/cordic/cordic.sim/sim_1/behav/xsim'
INFO: [USF-XSim-98] *** Running xsim
   with args "cordic_rtl7_TB_behav -key {Behavioral:sim_1:Functional:cordic_rtl7_TB} -tclbatch {cordic_rtl7_TB.tcl} -log {simulate.log}"
INFO: [USF-XSim-8] Loading simulator feature
Vivado Simulator 2018.3
Time resolution is 1 ps
source cordic_rtl7_TB.tcl
# set curr_wave [current_wave_config]
# if { [string length $curr_wave] == 0 } {
#   if { [llength [get_objects]] > 0} {
#     add_wave /
#     set_property needs_save false [current_wave_config]
#   } else {
#      send_msg_id Add_Wave-1 WARNING "No top level signals found. Simulator will start without a wave window. If you want to open a wave window go to 'File->New Waveform Configuration' or type 'create_wave_config' in the TCL console."
#   }
# }
# run 1000ns
xsim: Time (s): cpu = 00:00:10 ; elapsed = 00:00:05 . Memory (MB): peak = 739.918 ; gain = 29.488
INFO: [USF-XSim-96] XSim completed. Design snapshot 'cordic_rtl7_TB_behav' loaded.
INFO: [USF-XSim-97] XSim simulation ran for 1000ns
launch_simulation: Time (s): cpu = 00:00:15 ; elapsed = 00:00:10 . Memory (MB): peak = 742.840 ; gain = 32.410
run 200 us
run 200 us
close_sim
INFO: [Simtcl 6-16] Simulation closed
exit
INFO: [Common 17-206] Exiting Vivado at Fri May 12 12:46:32 2023...
