#-----------------------------------------------------------
# Vivado v2018.3 (64-bit)
# SW Build 2405991 on Thu Dec  6 23:38:27 MST 2018
# IP Build 2404404 on Fri Dec  7 01:43:56 MST 2018
# Start of session at: Thu May 11 22:01:23 2023
# Process ID: 17864
# Current directory: C:/sdup/lab/6/Lab6/Lab6.sim/sim_1/behav/xsim
# Command line: vivado.exe -gui_launcher_event rodinguilauncherevent23996 C:\sdup\lab\6\Lab6\Lab6.sim\sim_1\behav\xsim\mul12_tb_behav.wdb
# Log file: C:/sdup/lab/6/Lab6/Lab6.sim/sim_1/behav/xsim/vivado.log
# Journal file: C:/sdup/lab/6/Lab6/Lab6.sim/sim_1/behav/xsim\vivado.jou
#-----------------------------------------------------------
start_gui
open_wave_database {C:\sdup\lab\6\Lab6\Lab6.sim\sim_1\behav\xsim\mul12_tb_behav.wdb}
INFO: [IP_Flow 19-234] Refreshing IP repositories
INFO: [IP_Flow 19-1704] No user IP repositories specified
INFO: [IP_Flow 19-2313] Loaded Vivado IP repository 'C:/MyPrograms/Vivado/Vivado/2018.3/data/ip'.
current_fileset: Time (s): cpu = 00:00:16 ; elapsed = 00:00:13 . Memory (MB): peak = 644.512 ; gain = 70.863
open_wave_database: Time (s): cpu = 00:00:21 ; elapsed = 00:00:17 . Memory (MB): peak = 644.512 ; gain = 70.863
close_sim
INFO: [Simtcl 6-16] Simulation closed
exit
INFO: [Common 17-206] Exiting Vivado at Thu May 11 22:03:27 2023...
