12:17:13 INFO  : Registering command handlers for SDK TCF services
12:17:15 INFO  : Launching XSCT server: xsct.bat -interactive C:\sdup\lab\3_1\cordic_acc\cordic_acc.sdk\temp_xsdb_launch_script.tcl
12:17:18 INFO  : XSCT server has started successfully.
12:17:19 INFO  : Successfully done setting XSCT server connection channel  
12:17:19 INFO  : Processing command line option -hwspec C:/sdup/lab/3_1/cordic_acc/cordic_acc.sdk/design_acc_wrapper.hdf.
12:17:19 INFO  : Successfully done setting SDK workspace  
13:16:01 INFO  : Registering command handlers for SDK TCF services
13:16:03 INFO  : Launching XSCT server: xsct.bat -interactive C:\sdup\lab\3_1\cordic_acc\cordic_acc.sdk\temp_xsdb_launch_script.tcl
13:16:06 INFO  : XSCT server has started successfully.
13:16:07 INFO  : Successfully done setting XSCT server connection channel  
13:16:07 INFO  : Processing command line option -hwspec C:/sdup/lab/3_1/cordic_acc/cordic_acc.sdk/design_acc_wrapper.hdf.
13:16:07 INFO  : Successfully done setting SDK workspace  
13:16:07 INFO  : Checking for hwspec changes in the project design_acc_wrapper_hw_platform_0.
13:23:01 INFO  : Connected to target on host '127.0.0.1' and port '3121'.
13:23:02 INFO  : 'targets -set -filter {jtag_cable_name =~ "Digilent Zed 210248492416" && level==0} -index 1' command is executed.
13:23:04 INFO  : FPGA configured successfully with bitstream "C:/sdup/lab/3_1/cordic_acc/cordic_acc.sdk/design_acc_wrapper_hw_platform_0/design_acc_wrapper.bit"
13:24:32 INFO  : Connected to target on host '127.0.0.1' and port '3121'.
13:24:33 INFO  : 'targets -set -filter {jtag_cable_name =~ "Digilent Zed 210248492416" && level==0} -index 1' command is executed.
13:24:35 INFO  : FPGA configured successfully with bitstream "C:/sdup/lab/3_1/cordic_acc/cordic_acc.sdk/design_acc_wrapper_hw_platform_0/design_acc_wrapper.bit"
13:26:02 INFO  : Connected to target on host '127.0.0.1' and port '3121'.
13:26:02 INFO  : 'targets -set -filter {jtag_cable_name =~ "Digilent Zed 210248492416" && level==0} -index 1' command is executed.
13:26:05 INFO  : FPGA configured successfully with bitstream "C:/sdup/lab/3_1/cordic_acc/cordic_acc.sdk/design_acc_wrapper_hw_platform_0/design_acc_wrapper.bit"
13:30:00 INFO  : 'targets -set -filter {jtag_cable_name =~ "Digilent Zed 210248492416" && level==0} -index 1' command is executed.
13:30:00 INFO  : 'fpga -state' command is executed.
13:30:06 INFO  : Connected to target on host '127.0.0.1' and port '3121'.
13:30:06 INFO  : Jtag cable 'Digilent Zed 210248492416' is selected.
13:30:06 INFO  : 'jtag frequency' command is executed.
13:30:06 INFO  : Context for 'APU' is selected.
13:30:06 INFO  : Hardware design information is loaded from 'C:/sdup/lab/3_1/cordic_acc/cordic_acc.sdk/design_acc_wrapper_hw_platform_0/system.hdf'.
13:30:06 INFO  : 'configparams force-mem-access 1' command is executed.
13:30:06 INFO  : 'configparams force-mem-access 0' command is executed.
13:30:06 INFO  : ----------------XSDB Script----------------
connect -url tcp:127.0.0.1:3121
targets -set -nocase -filter {name =~"APU*" && jtag_cable_name =~ "Digilent Zed 210248492416"} -index 0
loadhw -hw C:/sdup/lab/3_1/cordic_acc/cordic_acc.sdk/design_acc_wrapper_hw_platform_0/system.hdf -mem-ranges [list {0x40000000 0xbfffffff}]
configparams force-mem-access 1
configparams force-mem-access 0
----------------End of Script----------------

13:30:06 INFO  : Disconnected from the channel tcfchan#1.
13:30:38 INFO  : 'targets -set -filter {jtag_cable_name =~ "Digilent Zed 210248492416" && level==0} -index 1' command is executed.
13:30:38 INFO  : 'fpga -state' command is executed.
13:30:51 INFO  : Connected to target on host '127.0.0.1' and port '3121'.
13:30:51 INFO  : Jtag cable 'Digilent Zed 210248492416' is selected.
13:30:51 INFO  : 'jtag frequency' command is executed.
13:30:51 INFO  : Sourcing of 'C:/sdup/lab/3_1/cordic_acc/cordic_acc.sdk/design_acc_wrapper_hw_platform_0/ps7_init.tcl' is done.
13:30:51 INFO  : Context for 'APU' is selected.
13:30:53 INFO  : Hardware design information is loaded from 'C:/sdup/lab/3_1/cordic_acc/cordic_acc.sdk/design_acc_wrapper_hw_platform_0/system.hdf'.
13:30:53 INFO  : 'configparams force-mem-access 1' command is executed.
13:30:53 INFO  : Context for 'APU' is selected.
13:30:54 INFO  : 'stop' command is executed.
13:30:54 INFO  : 'ps7_init' command is executed.
13:30:54 INFO  : 'ps7_post_config' command is executed.
13:30:54 INFO  : Context for processor 'ps7_cortexa9_0' is selected.
13:30:54 INFO  : Processor reset is completed for 'ps7_cortexa9_0'.
13:30:54 INFO  : Context for processor 'ps7_cortexa9_0' is selected.
13:30:54 INFO  : The application 'C:/sdup/lab/3_1/cordic_acc/cordic_acc.sdk/cordic_demo_app/Debug/cordic_demo_app.elf' is downloaded to processor 'ps7_cortexa9_0'.
13:30:54 INFO  : 'configparams force-mem-access 0' command is executed.
13:30:54 INFO  : ----------------XSDB Script----------------
connect -url tcp:127.0.0.1:3121
source C:/sdup/lab/3_1/cordic_acc/cordic_acc.sdk/design_acc_wrapper_hw_platform_0/ps7_init.tcl
targets -set -nocase -filter {name =~"APU*" && jtag_cable_name =~ "Digilent Zed 210248492416"} -index 0
loadhw -hw C:/sdup/lab/3_1/cordic_acc/cordic_acc.sdk/design_acc_wrapper_hw_platform_0/system.hdf -mem-ranges [list {0x40000000 0xbfffffff}]
configparams force-mem-access 1
targets -set -nocase -filter {name =~"APU*" && jtag_cable_name =~ "Digilent Zed 210248492416"} -index 0
stop
ps7_init
ps7_post_config
targets -set -nocase -filter {name =~ "ARM*#0" && jtag_cable_name =~ "Digilent Zed 210248492416"} -index 0
rst -processor
targets -set -nocase -filter {name =~ "ARM*#0" && jtag_cable_name =~ "Digilent Zed 210248492416"} -index 0
dow C:/sdup/lab/3_1/cordic_acc/cordic_acc.sdk/cordic_demo_app/Debug/cordic_demo_app.elf
configparams force-mem-access 0
----------------End of Script----------------

13:30:54 INFO  : Memory regions updated for context APU
13:30:55 INFO  : Context for processor 'ps7_cortexa9_0' is selected.
13:30:55 INFO  : 'con' command is executed.
13:30:55 INFO  : ----------------XSDB Script (After Launch)----------------
targets -set -nocase -filter {name =~ "ARM*#0" && jtag_cable_name =~ "Digilent Zed 210248492416"} -index 0
con
----------------End of Script----------------

13:30:55 INFO  : Launch script is exported to file 'C:\sdup\lab\3_1\cordic_acc\cordic_acc.sdk\.sdk\launch_scripts\xilinx_c-c++_application_(system_debugger)\system_debugger_using_debug_cordic_demo_app.elf_on_local.tcl'
13:33:02 INFO  : Disconnected from the channel tcfchan#2.
13:33:03 INFO  : 'targets -set -filter {jtag_cable_name =~ "Digilent Zed 210248492416" && level==0} -index 1' command is executed.
13:33:03 INFO  : 'fpga -state' command is executed.
13:33:05 INFO  : Connected to target on host '127.0.0.1' and port '3121'.
13:33:05 INFO  : Jtag cable 'Digilent Zed 210248492416' is selected.
13:33:05 INFO  : 'jtag frequency' command is executed.
13:33:05 INFO  : Sourcing of 'C:/sdup/lab/3_1/cordic_acc/cordic_acc.sdk/design_acc_wrapper_hw_platform_0/ps7_init.tcl' is done.
13:33:05 INFO  : Context for 'APU' is selected.
13:33:08 INFO  : Hardware design information is loaded from 'C:/sdup/lab/3_1/cordic_acc/cordic_acc.sdk/design_acc_wrapper_hw_platform_0/system.hdf'.
13:33:08 INFO  : 'configparams force-mem-access 1' command is executed.
13:33:08 INFO  : Context for 'APU' is selected.
13:33:08 INFO  : 'stop' command is executed.
13:33:10 INFO  : 'ps7_init' command is executed.
13:33:10 INFO  : 'ps7_post_config' command is executed.
13:33:10 INFO  : Context for processor 'ps7_cortexa9_0' is selected.
13:33:10 INFO  : Processor reset is completed for 'ps7_cortexa9_0'.
13:33:10 INFO  : Context for processor 'ps7_cortexa9_0' is selected.
13:33:10 INFO  : The application 'C:/sdup/lab/3_1/cordic_acc/cordic_acc.sdk/cordic_demo_app/Debug/cordic_demo_app.elf' is downloaded to processor 'ps7_cortexa9_0'.
13:33:10 INFO  : 'configparams force-mem-access 0' command is executed.
13:33:10 INFO  : ----------------XSDB Script----------------
connect -url tcp:127.0.0.1:3121
source C:/sdup/lab/3_1/cordic_acc/cordic_acc.sdk/design_acc_wrapper_hw_platform_0/ps7_init.tcl
targets -set -nocase -filter {name =~"APU*" && jtag_cable_name =~ "Digilent Zed 210248492416"} -index 0
loadhw -hw C:/sdup/lab/3_1/cordic_acc/cordic_acc.sdk/design_acc_wrapper_hw_platform_0/system.hdf -mem-ranges [list {0x40000000 0xbfffffff}]
configparams force-mem-access 1
targets -set -nocase -filter {name =~"APU*" && jtag_cable_name =~ "Digilent Zed 210248492416"} -index 0
stop
ps7_init
ps7_post_config
targets -set -nocase -filter {name =~ "ARM*#0" && jtag_cable_name =~ "Digilent Zed 210248492416"} -index 0
rst -processor
targets -set -nocase -filter {name =~ "ARM*#0" && jtag_cable_name =~ "Digilent Zed 210248492416"} -index 0
dow C:/sdup/lab/3_1/cordic_acc/cordic_acc.sdk/cordic_demo_app/Debug/cordic_demo_app.elf
configparams force-mem-access 0
----------------End of Script----------------

13:33:10 INFO  : Memory regions updated for context APU
13:33:11 INFO  : Context for processor 'ps7_cortexa9_0' is selected.
13:33:11 INFO  : 'con' command is executed.
13:33:11 INFO  : ----------------XSDB Script (After Launch)----------------
targets -set -nocase -filter {name =~ "ARM*#0" && jtag_cable_name =~ "Digilent Zed 210248492416"} -index 0
con
----------------End of Script----------------

13:33:11 INFO  : Launch script is exported to file 'C:\sdup\lab\3_1\cordic_acc\cordic_acc.sdk\.sdk\launch_scripts\xilinx_c-c++_application_(system_debugger)\system_debugger_using_debug_cordic_demo_app.elf_on_local.tcl'
13:35:47 INFO  : Disconnected from the channel tcfchan#3.
13:35:48 INFO  : 'targets -set -filter {jtag_cable_name =~ "Digilent Zed 210248492416" && level==0} -index 1' command is executed.
13:35:48 INFO  : 'fpga -state' command is executed.
13:35:52 INFO  : Connected to target on host '127.0.0.1' and port '3121'.
13:35:52 INFO  : Jtag cable 'Digilent Zed 210248492416' is selected.
13:35:52 INFO  : 'jtag frequency' command is executed.
13:35:52 INFO  : Sourcing of 'C:/sdup/lab/3_1/cordic_acc/cordic_acc.sdk/design_acc_wrapper_hw_platform_0/ps7_init.tcl' is done.
13:35:52 INFO  : Context for 'APU' is selected.
13:35:55 INFO  : Hardware design information is loaded from 'C:/sdup/lab/3_1/cordic_acc/cordic_acc.sdk/design_acc_wrapper_hw_platform_0/system.hdf'.
13:35:55 INFO  : 'configparams force-mem-access 1' command is executed.
13:35:55 INFO  : Context for 'APU' is selected.
13:35:55 INFO  : 'stop' command is executed.
13:35:58 INFO  : 'ps7_init' command is executed.
13:35:58 INFO  : 'ps7_post_config' command is executed.
13:35:58 INFO  : Context for processor 'ps7_cortexa9_0' is selected.
13:35:58 INFO  : Processor reset is completed for 'ps7_cortexa9_0'.
13:35:58 INFO  : Context for processor 'ps7_cortexa9_0' is selected.
13:36:00 ERROR : Memory write error at 0x100000. APB AP transaction error, DAP status f0000021
13:36:00 INFO  : ----------------XSDB Script----------------
connect -url tcp:127.0.0.1:3121
source C:/sdup/lab/3_1/cordic_acc/cordic_acc.sdk/design_acc_wrapper_hw_platform_0/ps7_init.tcl
targets -set -nocase -filter {name =~"APU*" && jtag_cable_name =~ "Digilent Zed 210248492416"} -index 0
loadhw -hw C:/sdup/lab/3_1/cordic_acc/cordic_acc.sdk/design_acc_wrapper_hw_platform_0/system.hdf -mem-ranges [list {0x40000000 0xbfffffff}]
configparams force-mem-access 1
targets -set -nocase -filter {name =~"APU*" && jtag_cable_name =~ "Digilent Zed 210248492416"} -index 0
stop
ps7_init
ps7_post_config
targets -set -nocase -filter {name =~ "ARM*#0" && jtag_cable_name =~ "Digilent Zed 210248492416"} -index 0
rst -processor
targets -set -nocase -filter {name =~ "ARM*#0" && jtag_cable_name =~ "Digilent Zed 210248492416"} -index 0
dow C:/sdup/lab/3_1/cordic_acc/cordic_acc.sdk/cordic_demo_app/Debug/cordic_demo_app.elf
----------------End of Script----------------

13:37:04 INFO  : Registering command handlers for SDK TCF services
13:37:05 INFO  : Launching XSCT server: xsct.bat -interactive C:\sdup\lab\3_1\cordic_acc\cordic_acc.sdk\temp_xsdb_launch_script.tcl
13:37:09 INFO  : XSCT server has started successfully.
13:37:09 INFO  : Successfully done setting XSCT server connection channel  
13:37:09 INFO  : Successfully done setting SDK workspace  
13:37:09 INFO  : Processing command line option -hwspec C:/sdup/lab/3_1/cordic_acc/cordic_acc.sdk/design_acc_wrapper.hdf.
13:37:09 INFO  : Checking for hwspec changes in the project design_acc_wrapper_hw_platform_0.
13:37:25 INFO  : 'targets -set -filter {jtag_cable_name =~ "Digilent Zed 210248492416" && level==0} -index 1' command is executed.
13:37:25 INFO  : 'fpga -state' command is executed.
13:39:41 INFO  : 'targets -set -filter {jtag_cable_name =~ "Digilent Zed 210248492416" && level==0} -index 1' command is executed.
13:39:41 INFO  : 'fpga -state' command is executed.
13:40:06 INFO  : Connected to target on host '127.0.0.1' and port '3121'.
13:40:07 INFO  : Jtag cable 'Digilent Zed 210248492416' is selected.
13:40:07 INFO  : 'jtag frequency' command is executed.
13:40:07 INFO  : Sourcing of 'C:/sdup/lab/3_1/cordic_acc/cordic_acc.sdk/design_acc_wrapper_hw_platform_0/ps7_init.tcl' is done.
13:40:07 INFO  : Context for 'APU' is selected.
13:40:07 INFO  : Hardware design information is loaded from 'C:/sdup/lab/3_1/cordic_acc/cordic_acc.sdk/design_acc_wrapper_hw_platform_0/system.hdf'.
13:40:07 INFO  : 'configparams force-mem-access 1' command is executed.
13:40:07 INFO  : Context for 'APU' is selected.
13:40:07 INFO  : 'stop' command is executed.
13:40:07 INFO  : 'ps7_init' command is executed.
13:40:07 INFO  : 'ps7_post_config' command is executed.
13:40:07 INFO  : Context for processor 'ps7_cortexa9_0' is selected.
13:40:07 INFO  : Processor reset is completed for 'ps7_cortexa9_0'.
13:40:07 INFO  : Context for processor 'ps7_cortexa9_0' is selected.
13:40:08 INFO  : The application 'C:/sdup/lab/3_1/cordic_acc/cordic_acc.sdk/cordic_demo_app/Debug/cordic_demo_app.elf' is downloaded to processor 'ps7_cortexa9_0'.
13:40:08 INFO  : 'configparams force-mem-access 0' command is executed.
13:40:08 INFO  : ----------------XSDB Script----------------
connect -url tcp:127.0.0.1:3121
source C:/sdup/lab/3_1/cordic_acc/cordic_acc.sdk/design_acc_wrapper_hw_platform_0/ps7_init.tcl
targets -set -nocase -filter {name =~"APU*" && jtag_cable_name =~ "Digilent Zed 210248492416"} -index 0
loadhw -hw C:/sdup/lab/3_1/cordic_acc/cordic_acc.sdk/design_acc_wrapper_hw_platform_0/system.hdf -mem-ranges [list {0x40000000 0xbfffffff}]
configparams force-mem-access 1
targets -set -nocase -filter {name =~"APU*" && jtag_cable_name =~ "Digilent Zed 210248492416"} -index 0
stop
ps7_init
ps7_post_config
targets -set -nocase -filter {name =~ "ARM*#0" && jtag_cable_name =~ "Digilent Zed 210248492416"} -index 0
rst -processor
targets -set -nocase -filter {name =~ "ARM*#0" && jtag_cable_name =~ "Digilent Zed 210248492416"} -index 0
dow C:/sdup/lab/3_1/cordic_acc/cordic_acc.sdk/cordic_demo_app/Debug/cordic_demo_app.elf
configparams force-mem-access 0
----------------End of Script----------------

13:40:08 INFO  : Memory regions updated for context APU
13:40:08 INFO  : Context for processor 'ps7_cortexa9_0' is selected.
13:40:08 INFO  : 'con' command is executed.
13:40:08 INFO  : ----------------XSDB Script (After Launch)----------------
targets -set -nocase -filter {name =~ "ARM*#0" && jtag_cable_name =~ "Digilent Zed 210248492416"} -index 0
con
----------------End of Script----------------

13:40:08 INFO  : Launch script is exported to file 'C:\sdup\lab\3_1\cordic_acc\cordic_acc.sdk\.sdk\launch_scripts\xilinx_c-c++_application_(system_debugger)\system_debugger_using_debug_cordic_demo_app.elf_on_local.tcl'
13:41:06 INFO  : Disconnected from the channel tcfchan#1.
13:41:07 INFO  : 'targets -set -filter {jtag_cable_name =~ "Digilent Zed 210248492416" && level==0} -index 1' command is executed.
13:41:07 INFO  : 'fpga -state' command is executed.
13:41:09 INFO  : Connected to target on host '127.0.0.1' and port '3121'.
13:41:09 INFO  : Jtag cable 'Digilent Zed 210248492416' is selected.
13:41:09 INFO  : 'jtag frequency' command is executed.
13:41:09 INFO  : Sourcing of 'C:/sdup/lab/3_1/cordic_acc/cordic_acc.sdk/design_acc_wrapper_hw_platform_0/ps7_init.tcl' is done.
13:41:09 INFO  : Context for 'APU' is selected.
13:41:11 INFO  : Hardware design information is loaded from 'C:/sdup/lab/3_1/cordic_acc/cordic_acc.sdk/design_acc_wrapper_hw_platform_0/system.hdf'.
13:41:11 INFO  : 'configparams force-mem-access 1' command is executed.
13:41:11 INFO  : Context for 'APU' is selected.
13:41:11 INFO  : 'stop' command is executed.
13:41:16 INFO  : 'ps7_init' command is executed.
13:41:16 INFO  : 'ps7_post_config' command is executed.
13:41:16 INFO  : Context for processor 'ps7_cortexa9_0' is selected.
13:41:16 INFO  : Processor reset is completed for 'ps7_cortexa9_0'.
13:41:16 INFO  : Context for processor 'ps7_cortexa9_0' is selected.
13:41:19 ERROR : Memory write error at 0x100000. APB AP transaction error, DAP status f0000021
13:41:19 INFO  : ----------------XSDB Script----------------
connect -url tcp:127.0.0.1:3121
source C:/sdup/lab/3_1/cordic_acc/cordic_acc.sdk/design_acc_wrapper_hw_platform_0/ps7_init.tcl
targets -set -nocase -filter {name =~"APU*" && jtag_cable_name =~ "Digilent Zed 210248492416"} -index 0
loadhw -hw C:/sdup/lab/3_1/cordic_acc/cordic_acc.sdk/design_acc_wrapper_hw_platform_0/system.hdf -mem-ranges [list {0x40000000 0xbfffffff}]
configparams force-mem-access 1
targets -set -nocase -filter {name =~"APU*" && jtag_cable_name =~ "Digilent Zed 210248492416"} -index 0
stop
ps7_init
ps7_post_config
targets -set -nocase -filter {name =~ "ARM*#0" && jtag_cable_name =~ "Digilent Zed 210248492416"} -index 0
rst -processor
targets -set -nocase -filter {name =~ "ARM*#0" && jtag_cable_name =~ "Digilent Zed 210248492416"} -index 0
dow C:/sdup/lab/3_1/cordic_acc/cordic_acc.sdk/cordic_demo_app/Debug/cordic_demo_app.elf
----------------End of Script----------------

13:41:32 INFO  : 'targets -set -filter {jtag_cable_name =~ "Digilent Zed 210248492416" && level==0} -index 1' command is executed.
13:41:32 INFO  : 'fpga -state' command is executed.
13:41:34 INFO  : Connected to target on host '127.0.0.1' and port '3121'.
13:41:34 INFO  : Jtag cable 'Digilent Zed 210248492416' is selected.
13:41:34 INFO  : 'jtag frequency' command is executed.
13:41:34 INFO  : Sourcing of 'C:/sdup/lab/3_1/cordic_acc/cordic_acc.sdk/design_acc_wrapper_hw_platform_0/ps7_init.tcl' is done.
13:41:34 INFO  : Context for 'APU' is selected.
13:41:34 INFO  : Hardware design information is loaded from 'C:/sdup/lab/3_1/cordic_acc/cordic_acc.sdk/design_acc_wrapper_hw_platform_0/system.hdf'.
13:41:34 INFO  : 'configparams force-mem-access 1' command is executed.
13:41:34 INFO  : Context for 'APU' is selected.
13:41:34 INFO  : 'stop' command is executed.
13:41:34 ERROR : AP transaction error, DAP status f0000021
13:41:34 INFO  : ----------------XSDB Script----------------
connect -url tcp:127.0.0.1:3121
source C:/sdup/lab/3_1/cordic_acc/cordic_acc.sdk/design_acc_wrapper_hw_platform_0/ps7_init.tcl
targets -set -nocase -filter {name =~"APU*" && jtag_cable_name =~ "Digilent Zed 210248492416"} -index 0
loadhw -hw C:/sdup/lab/3_1/cordic_acc/cordic_acc.sdk/design_acc_wrapper_hw_platform_0/system.hdf -mem-ranges [list {0x40000000 0xbfffffff}]
configparams force-mem-access 1
targets -set -nocase -filter {name =~"APU*" && jtag_cable_name =~ "Digilent Zed 210248492416"} -index 0
stop
ps7_init
----------------End of Script----------------

13:41:48 INFO  : 'targets -set -filter {jtag_cable_name =~ "Digilent Zed 210248492416" && level==0} -index 1' command is executed.
13:41:48 INFO  : 'fpga -state' command is executed.
13:41:49 INFO  : Connected to target on host '127.0.0.1' and port '3121'.
13:41:50 INFO  : Jtag cable 'Digilent Zed 210248492416' is selected.
13:41:50 INFO  : 'jtag frequency' command is executed.
13:41:50 INFO  : Sourcing of 'C:/sdup/lab/3_1/cordic_acc/cordic_acc.sdk/design_acc_wrapper_hw_platform_0/ps7_init.tcl' is done.
13:41:50 INFO  : Context for 'APU' is selected.
13:41:50 INFO  : Hardware design information is loaded from 'C:/sdup/lab/3_1/cordic_acc/cordic_acc.sdk/design_acc_wrapper_hw_platform_0/system.hdf'.
13:41:50 INFO  : 'configparams force-mem-access 1' command is executed.
13:41:50 INFO  : Context for 'APU' is selected.
13:41:50 INFO  : 'stop' command is executed.
13:41:50 ERROR : AP transaction error, DAP status f0000021
13:41:50 INFO  : ----------------XSDB Script----------------
connect -url tcp:127.0.0.1:3121
source C:/sdup/lab/3_1/cordic_acc/cordic_acc.sdk/design_acc_wrapper_hw_platform_0/ps7_init.tcl
targets -set -nocase -filter {name =~"APU*" && jtag_cable_name =~ "Digilent Zed 210248492416"} -index 0
loadhw -hw C:/sdup/lab/3_1/cordic_acc/cordic_acc.sdk/design_acc_wrapper_hw_platform_0/system.hdf -mem-ranges [list {0x40000000 0xbfffffff}]
configparams force-mem-access 1
targets -set -nocase -filter {name =~"APU*" && jtag_cable_name =~ "Digilent Zed 210248492416"} -index 0
stop
ps7_init
----------------End of Script----------------

13:42:06 INFO  : 'targets -set -filter {jtag_cable_name =~ "Digilent Zed 210248492416" && level==0} -index 1' command is executed.
13:42:06 INFO  : 'fpga -state' command is executed.
13:42:07 INFO  : Connected to target on host '127.0.0.1' and port '3121'.
13:42:08 INFO  : Jtag cable 'Digilent Zed 210248492416' is selected.
13:42:08 INFO  : 'jtag frequency' command is executed.
13:42:08 INFO  : Sourcing of 'C:/sdup/lab/3_1/cordic_acc/cordic_acc.sdk/design_acc_wrapper_hw_platform_0/ps7_init.tcl' is done.
13:42:08 INFO  : Context for 'APU' is selected.
13:42:08 INFO  : Hardware design information is loaded from 'C:/sdup/lab/3_1/cordic_acc/cordic_acc.sdk/design_acc_wrapper_hw_platform_0/system.hdf'.
13:42:08 INFO  : 'configparams force-mem-access 1' command is executed.
13:42:08 INFO  : Context for 'APU' is selected.
13:42:08 INFO  : 'stop' command is executed.
13:42:08 ERROR : AP transaction error, DAP status f0000021
13:42:08 INFO  : ----------------XSDB Script----------------
connect -url tcp:127.0.0.1:3121
source C:/sdup/lab/3_1/cordic_acc/cordic_acc.sdk/design_acc_wrapper_hw_platform_0/ps7_init.tcl
targets -set -nocase -filter {name =~"APU*" && jtag_cable_name =~ "Digilent Zed 210248492416"} -index 0
loadhw -hw C:/sdup/lab/3_1/cordic_acc/cordic_acc.sdk/design_acc_wrapper_hw_platform_0/system.hdf -mem-ranges [list {0x40000000 0xbfffffff}]
configparams force-mem-access 1
targets -set -nocase -filter {name =~"APU*" && jtag_cable_name =~ "Digilent Zed 210248492416"} -index 0
stop
ps7_init
----------------End of Script----------------

13:42:19 INFO  : Connected to target on host '127.0.0.1' and port '3121'.
13:42:20 INFO  : 'targets -set -filter {jtag_cable_name =~ "Digilent Zed 210248492416" && level==0} -index 1' command is executed.
13:42:23 ERROR : fpga configuration failed. DONE PIN is not HIGH
13:43:04 INFO  : Connected to target on host '127.0.0.1' and port '3121'.
13:43:04 INFO  : 'targets -set -filter {jtag_cable_name =~ "Digilent Zed 210248492416" && level==0} -index 1' command is executed.
13:43:08 ERROR : fpga configuration failed. DONE PIN is not HIGH
13:43:17 INFO  : Connected to target on host '127.0.0.1' and port '3121'.
13:43:17 INFO  : 'targets -set -filter {jtag_cable_name =~ "Digilent Zed 210248492416" && level==0} -index 1' command is executed.
13:43:20 INFO  : FPGA configured successfully with bitstream "C:/sdup/lab/3_1/cordic_acc/cordic_acc.sdk/design_acc_wrapper_hw_platform_0/design_acc_wrapper.bit"
13:43:45 INFO  : 'targets -set -filter {jtag_cable_name =~ "Digilent Zed 210248492416" && level==0} -index 1' command is executed.
13:43:45 INFO  : 'fpga -state' command is executed.
13:43:45 INFO  : Connected to target on host '127.0.0.1' and port '3121'.
13:43:46 INFO  : Jtag cable 'Digilent Zed 210248492416' is selected.
13:43:46 INFO  : 'jtag frequency' command is executed.
13:43:46 INFO  : Sourcing of 'C:/sdup/lab/3_1/cordic_acc/cordic_acc.sdk/design_acc_wrapper_hw_platform_0/ps7_init.tcl' is done.
13:43:46 INFO  : Context for 'APU' is selected.
13:43:46 INFO  : Hardware design information is loaded from 'C:/sdup/lab/3_1/cordic_acc/cordic_acc.sdk/design_acc_wrapper_hw_platform_0/system.hdf'.
13:43:46 INFO  : 'configparams force-mem-access 1' command is executed.
13:43:46 INFO  : Context for 'APU' is selected.
13:43:46 INFO  : 'stop' command is executed.
13:43:46 INFO  : 'ps7_init' command is executed.
13:43:46 INFO  : 'ps7_post_config' command is executed.
13:43:46 INFO  : Context for processor 'ps7_cortexa9_0' is selected.
13:43:46 INFO  : Processor reset is completed for 'ps7_cortexa9_0'.
13:43:47 INFO  : Context for processor 'ps7_cortexa9_0' is selected.
13:43:47 INFO  : The application 'C:/sdup/lab/3_1/cordic_acc/cordic_acc.sdk/cordic_demo_app/Debug/cordic_demo_app.elf' is downloaded to processor 'ps7_cortexa9_0'.
13:43:47 INFO  : 'configparams force-mem-access 0' command is executed.
13:43:47 INFO  : ----------------XSDB Script----------------
connect -url tcp:127.0.0.1:3121
source C:/sdup/lab/3_1/cordic_acc/cordic_acc.sdk/design_acc_wrapper_hw_platform_0/ps7_init.tcl
targets -set -nocase -filter {name =~"APU*" && jtag_cable_name =~ "Digilent Zed 210248492416"} -index 0
loadhw -hw C:/sdup/lab/3_1/cordic_acc/cordic_acc.sdk/design_acc_wrapper_hw_platform_0/system.hdf -mem-ranges [list {0x40000000 0xbfffffff}]
configparams force-mem-access 1
targets -set -nocase -filter {name =~"APU*" && jtag_cable_name =~ "Digilent Zed 210248492416"} -index 0
stop
ps7_init
ps7_post_config
targets -set -nocase -filter {name =~ "ARM*#0" && jtag_cable_name =~ "Digilent Zed 210248492416"} -index 0
rst -processor
targets -set -nocase -filter {name =~ "ARM*#0" && jtag_cable_name =~ "Digilent Zed 210248492416"} -index 0
dow C:/sdup/lab/3_1/cordic_acc/cordic_acc.sdk/cordic_demo_app/Debug/cordic_demo_app.elf
configparams force-mem-access 0
----------------End of Script----------------

13:43:47 INFO  : Memory regions updated for context APU
13:43:47 INFO  : Context for processor 'ps7_cortexa9_0' is selected.
13:43:47 INFO  : 'con' command is executed.
13:43:47 INFO  : ----------------XSDB Script (After Launch)----------------
targets -set -nocase -filter {name =~ "ARM*#0" && jtag_cable_name =~ "Digilent Zed 210248492416"} -index 0
con
----------------End of Script----------------

13:43:47 INFO  : Launch script is exported to file 'C:\sdup\lab\3_1\cordic_acc\cordic_acc.sdk\.sdk\launch_scripts\xilinx_c-c++_application_(system_debugger)\system_debugger_using_debug_cordic_demo_app.elf_on_local.tcl'
13:51:03 INFO  : Disconnected from the channel tcfchan#2.
13:51:04 INFO  : 'targets -set -filter {jtag_cable_name =~ "Digilent Zed 210248492416" && level==0} -index 1' command is executed.
13:51:04 INFO  : 'fpga -state' command is executed.
13:51:04 INFO  : Connected to target on host '127.0.0.1' and port '3121'.
13:51:04 INFO  : Jtag cable 'Digilent Zed 210248492416' is selected.
13:51:04 INFO  : 'jtag frequency' command is executed.
13:51:04 INFO  : Sourcing of 'C:/sdup/lab/3_1/cordic_acc/cordic_acc.sdk/design_acc_wrapper_hw_platform_0/ps7_init.tcl' is done.
13:51:04 INFO  : Context for 'APU' is selected.
13:51:06 INFO  : Hardware design information is loaded from 'C:/sdup/lab/3_1/cordic_acc/cordic_acc.sdk/design_acc_wrapper_hw_platform_0/system.hdf'.
13:51:06 INFO  : 'configparams force-mem-access 1' command is executed.
13:51:06 INFO  : Context for 'APU' is selected.
13:51:06 INFO  : 'stop' command is executed.
13:51:07 INFO  : 'ps7_init' command is executed.
13:51:07 INFO  : 'ps7_post_config' command is executed.
13:51:07 INFO  : Context for processor 'ps7_cortexa9_0' is selected.
13:51:07 INFO  : Processor reset is completed for 'ps7_cortexa9_0'.
13:51:07 INFO  : Context for processor 'ps7_cortexa9_0' is selected.
13:51:07 INFO  : The application 'C:/sdup/lab/3_1/cordic_acc/cordic_acc.sdk/cordic_demo_app/Debug/cordic_demo_app.elf' is downloaded to processor 'ps7_cortexa9_0'.
13:51:07 INFO  : 'configparams force-mem-access 0' command is executed.
13:51:07 INFO  : ----------------XSDB Script----------------
connect -url tcp:127.0.0.1:3121
source C:/sdup/lab/3_1/cordic_acc/cordic_acc.sdk/design_acc_wrapper_hw_platform_0/ps7_init.tcl
targets -set -nocase -filter {name =~"APU*" && jtag_cable_name =~ "Digilent Zed 210248492416"} -index 0
loadhw -hw C:/sdup/lab/3_1/cordic_acc/cordic_acc.sdk/design_acc_wrapper_hw_platform_0/system.hdf -mem-ranges [list {0x40000000 0xbfffffff}]
configparams force-mem-access 1
targets -set -nocase -filter {name =~"APU*" && jtag_cable_name =~ "Digilent Zed 210248492416"} -index 0
stop
ps7_init
ps7_post_config
targets -set -nocase -filter {name =~ "ARM*#0" && jtag_cable_name =~ "Digilent Zed 210248492416"} -index 0
rst -processor
targets -set -nocase -filter {name =~ "ARM*#0" && jtag_cable_name =~ "Digilent Zed 210248492416"} -index 0
dow C:/sdup/lab/3_1/cordic_acc/cordic_acc.sdk/cordic_demo_app/Debug/cordic_demo_app.elf
configparams force-mem-access 0
----------------End of Script----------------

13:51:07 INFO  : Memory regions updated for context APU
13:51:07 INFO  : Context for processor 'ps7_cortexa9_0' is selected.
13:51:07 INFO  : 'con' command is executed.
13:51:07 INFO  : ----------------XSDB Script (After Launch)----------------
targets -set -nocase -filter {name =~ "ARM*#0" && jtag_cable_name =~ "Digilent Zed 210248492416"} -index 0
con
----------------End of Script----------------

13:51:07 INFO  : Launch script is exported to file 'C:\sdup\lab\3_1\cordic_acc\cordic_acc.sdk\.sdk\launch_scripts\xilinx_c-c++_application_(system_debugger)\system_debugger_using_debug_cordic_demo_app.elf_on_local.tcl'
14:04:19 INFO  : Disconnected from the channel tcfchan#3.
14:04:20 INFO  : 'targets -set -filter {jtag_cable_name =~ "Digilent Zed 210248492416" && level==0} -index 1' command is executed.
14:04:20 INFO  : 'fpga -state' command is executed.
14:04:20 INFO  : Connected to target on host '127.0.0.1' and port '3121'.
14:04:21 INFO  : Jtag cable 'Digilent Zed 210248492416' is selected.
14:04:21 INFO  : 'jtag frequency' command is executed.
14:04:21 INFO  : Sourcing of 'C:/sdup/lab/3_1/cordic_acc/cordic_acc.sdk/design_acc_wrapper_hw_platform_0/ps7_init.tcl' is done.
14:04:21 INFO  : Context for 'APU' is selected.
14:04:23 INFO  : Hardware design information is loaded from 'C:/sdup/lab/3_1/cordic_acc/cordic_acc.sdk/design_acc_wrapper_hw_platform_0/system.hdf'.
14:04:23 INFO  : 'configparams force-mem-access 1' command is executed.
14:04:23 INFO  : Context for 'APU' is selected.
14:04:23 INFO  : 'stop' command is executed.
14:04:23 INFO  : 'ps7_init' command is executed.
14:04:23 INFO  : 'ps7_post_config' command is executed.
14:04:23 INFO  : Context for processor 'ps7_cortexa9_0' is selected.
14:04:23 INFO  : Processor reset is completed for 'ps7_cortexa9_0'.
14:04:23 INFO  : Context for processor 'ps7_cortexa9_0' is selected.
14:04:23 INFO  : The application 'C:/sdup/lab/3_1/cordic_acc/cordic_acc.sdk/cordic_demo_app/Debug/cordic_demo_app.elf' is downloaded to processor 'ps7_cortexa9_0'.
14:04:23 INFO  : 'configparams force-mem-access 0' command is executed.
14:04:23 INFO  : ----------------XSDB Script----------------
connect -url tcp:127.0.0.1:3121
source C:/sdup/lab/3_1/cordic_acc/cordic_acc.sdk/design_acc_wrapper_hw_platform_0/ps7_init.tcl
targets -set -nocase -filter {name =~"APU*" && jtag_cable_name =~ "Digilent Zed 210248492416"} -index 0
loadhw -hw C:/sdup/lab/3_1/cordic_acc/cordic_acc.sdk/design_acc_wrapper_hw_platform_0/system.hdf -mem-ranges [list {0x40000000 0xbfffffff}]
configparams force-mem-access 1
targets -set -nocase -filter {name =~"APU*" && jtag_cable_name =~ "Digilent Zed 210248492416"} -index 0
stop
ps7_init
ps7_post_config
targets -set -nocase -filter {name =~ "ARM*#0" && jtag_cable_name =~ "Digilent Zed 210248492416"} -index 0
rst -processor
targets -set -nocase -filter {name =~ "ARM*#0" && jtag_cable_name =~ "Digilent Zed 210248492416"} -index 0
dow C:/sdup/lab/3_1/cordic_acc/cordic_acc.sdk/cordic_demo_app/Debug/cordic_demo_app.elf
configparams force-mem-access 0
----------------End of Script----------------

14:04:24 INFO  : Memory regions updated for context APU
14:04:24 INFO  : Context for processor 'ps7_cortexa9_0' is selected.
14:04:24 INFO  : 'con' command is executed.
14:04:24 INFO  : ----------------XSDB Script (After Launch)----------------
targets -set -nocase -filter {name =~ "ARM*#0" && jtag_cable_name =~ "Digilent Zed 210248492416"} -index 0
con
----------------End of Script----------------

14:04:24 INFO  : Launch script is exported to file 'C:\sdup\lab\3_1\cordic_acc\cordic_acc.sdk\.sdk\launch_scripts\xilinx_c-c++_application_(system_debugger)\system_debugger_using_debug_cordic_demo_app.elf_on_local.tcl'
14:08:26 INFO  : Disconnected from the channel tcfchan#4.
14:08:27 INFO  : 'targets -set -filter {jtag_cable_name =~ "Digilent Zed 210248492416" && level==0} -index 1' command is executed.
14:08:27 INFO  : 'fpga -state' command is executed.
14:08:27 INFO  : Connected to target on host '127.0.0.1' and port '3121'.
14:08:27 INFO  : Jtag cable 'Digilent Zed 210248492416' is selected.
14:08:27 INFO  : 'jtag frequency' command is executed.
14:08:27 INFO  : Sourcing of 'C:/sdup/lab/3_1/cordic_acc/cordic_acc.sdk/design_acc_wrapper_hw_platform_0/ps7_init.tcl' is done.
14:08:27 INFO  : Context for 'APU' is selected.
14:08:30 INFO  : Hardware design information is loaded from 'C:/sdup/lab/3_1/cordic_acc/cordic_acc.sdk/design_acc_wrapper_hw_platform_0/system.hdf'.
14:08:30 INFO  : 'configparams force-mem-access 1' command is executed.
14:08:30 INFO  : Context for 'APU' is selected.
14:08:30 INFO  : 'stop' command is executed.
14:08:30 INFO  : 'ps7_init' command is executed.
14:08:30 INFO  : 'ps7_post_config' command is executed.
14:08:30 INFO  : Context for processor 'ps7_cortexa9_0' is selected.
14:08:31 INFO  : Processor reset is completed for 'ps7_cortexa9_0'.
14:08:31 INFO  : Context for processor 'ps7_cortexa9_0' is selected.
14:08:31 INFO  : The application 'C:/sdup/lab/3_1/cordic_acc/cordic_acc.sdk/cordic_demo_app/Debug/cordic_demo_app.elf' is downloaded to processor 'ps7_cortexa9_0'.
14:08:31 INFO  : 'configparams force-mem-access 0' command is executed.
14:08:31 INFO  : ----------------XSDB Script----------------
connect -url tcp:127.0.0.1:3121
source C:/sdup/lab/3_1/cordic_acc/cordic_acc.sdk/design_acc_wrapper_hw_platform_0/ps7_init.tcl
targets -set -nocase -filter {name =~"APU*" && jtag_cable_name =~ "Digilent Zed 210248492416"} -index 0
loadhw -hw C:/sdup/lab/3_1/cordic_acc/cordic_acc.sdk/design_acc_wrapper_hw_platform_0/system.hdf -mem-ranges [list {0x40000000 0xbfffffff}]
configparams force-mem-access 1
targets -set -nocase -filter {name =~"APU*" && jtag_cable_name =~ "Digilent Zed 210248492416"} -index 0
stop
ps7_init
ps7_post_config
targets -set -nocase -filter {name =~ "ARM*#0" && jtag_cable_name =~ "Digilent Zed 210248492416"} -index 0
rst -processor
targets -set -nocase -filter {name =~ "ARM*#0" && jtag_cable_name =~ "Digilent Zed 210248492416"} -index 0
dow C:/sdup/lab/3_1/cordic_acc/cordic_acc.sdk/cordic_demo_app/Debug/cordic_demo_app.elf
configparams force-mem-access 0
----------------End of Script----------------

14:08:31 INFO  : Memory regions updated for context APU
14:08:31 INFO  : Context for processor 'ps7_cortexa9_0' is selected.
14:08:31 INFO  : 'con' command is executed.
14:08:31 INFO  : ----------------XSDB Script (After Launch)----------------
targets -set -nocase -filter {name =~ "ARM*#0" && jtag_cable_name =~ "Digilent Zed 210248492416"} -index 0
con
----------------End of Script----------------

14:08:31 INFO  : Launch script is exported to file 'C:\sdup\lab\3_1\cordic_acc\cordic_acc.sdk\.sdk\launch_scripts\xilinx_c-c++_application_(system_debugger)\system_debugger_using_debug_cordic_demo_app.elf_on_local.tcl'
14:09:04 INFO  : Disconnected from the channel tcfchan#5.
14:09:05 INFO  : 'targets -set -filter {jtag_cable_name =~ "Digilent Zed 210248492416" && level==0} -index 1' command is executed.
14:09:05 INFO  : 'fpga -state' command is executed.
14:09:05 INFO  : Connected to target on host '127.0.0.1' and port '3121'.
14:09:06 INFO  : Jtag cable 'Digilent Zed 210248492416' is selected.
14:09:06 INFO  : 'jtag frequency' command is executed.
14:09:06 INFO  : Sourcing of 'C:/sdup/lab/3_1/cordic_acc/cordic_acc.sdk/design_acc_wrapper_hw_platform_0/ps7_init.tcl' is done.
14:09:06 INFO  : Context for 'APU' is selected.
14:09:08 INFO  : Hardware design information is loaded from 'C:/sdup/lab/3_1/cordic_acc/cordic_acc.sdk/design_acc_wrapper_hw_platform_0/system.hdf'.
14:09:08 INFO  : 'configparams force-mem-access 1' command is executed.
14:09:08 INFO  : Context for 'APU' is selected.
14:09:08 INFO  : 'stop' command is executed.
14:09:08 INFO  : 'ps7_init' command is executed.
14:09:08 INFO  : 'ps7_post_config' command is executed.
14:09:08 INFO  : Context for processor 'ps7_cortexa9_0' is selected.
14:09:08 INFO  : Processor reset is completed for 'ps7_cortexa9_0'.
14:09:08 INFO  : Context for processor 'ps7_cortexa9_0' is selected.
14:09:08 INFO  : The application 'C:/sdup/lab/3_1/cordic_acc/cordic_acc.sdk/cordic_demo_app/Debug/cordic_demo_app.elf' is downloaded to processor 'ps7_cortexa9_0'.
14:09:08 INFO  : 'configparams force-mem-access 0' command is executed.
14:09:08 INFO  : ----------------XSDB Script----------------
connect -url tcp:127.0.0.1:3121
source C:/sdup/lab/3_1/cordic_acc/cordic_acc.sdk/design_acc_wrapper_hw_platform_0/ps7_init.tcl
targets -set -nocase -filter {name =~"APU*" && jtag_cable_name =~ "Digilent Zed 210248492416"} -index 0
loadhw -hw C:/sdup/lab/3_1/cordic_acc/cordic_acc.sdk/design_acc_wrapper_hw_platform_0/system.hdf -mem-ranges [list {0x40000000 0xbfffffff}]
configparams force-mem-access 1
targets -set -nocase -filter {name =~"APU*" && jtag_cable_name =~ "Digilent Zed 210248492416"} -index 0
stop
ps7_init
ps7_post_config
targets -set -nocase -filter {name =~ "ARM*#0" && jtag_cable_name =~ "Digilent Zed 210248492416"} -index 0
rst -processor
targets -set -nocase -filter {name =~ "ARM*#0" && jtag_cable_name =~ "Digilent Zed 210248492416"} -index 0
dow C:/sdup/lab/3_1/cordic_acc/cordic_acc.sdk/cordic_demo_app/Debug/cordic_demo_app.elf
configparams force-mem-access 0
----------------End of Script----------------

14:09:09 INFO  : Memory regions updated for context APU
14:09:09 INFO  : Context for processor 'ps7_cortexa9_0' is selected.
14:09:09 INFO  : 'con' command is executed.
14:09:09 INFO  : ----------------XSDB Script (After Launch)----------------
targets -set -nocase -filter {name =~ "ARM*#0" && jtag_cable_name =~ "Digilent Zed 210248492416"} -index 0
con
----------------End of Script----------------

14:09:09 INFO  : Launch script is exported to file 'C:\sdup\lab\3_1\cordic_acc\cordic_acc.sdk\.sdk\launch_scripts\xilinx_c-c++_application_(system_debugger)\system_debugger_using_debug_cordic_demo_app.elf_on_local.tcl'
14:09:36 INFO  : Disconnected from the channel tcfchan#6.
14:09:37 INFO  : 'targets -set -filter {jtag_cable_name =~ "Digilent Zed 210248492416" && level==0} -index 1' command is executed.
14:09:37 INFO  : 'fpga -state' command is executed.
14:09:37 INFO  : Connected to target on host '127.0.0.1' and port '3121'.
14:09:37 INFO  : Jtag cable 'Digilent Zed 210248492416' is selected.
14:09:37 INFO  : 'jtag frequency' command is executed.
14:09:37 INFO  : Sourcing of 'C:/sdup/lab/3_1/cordic_acc/cordic_acc.sdk/design_acc_wrapper_hw_platform_0/ps7_init.tcl' is done.
14:09:37 INFO  : Context for 'APU' is selected.
14:09:40 INFO  : Hardware design information is loaded from 'C:/sdup/lab/3_1/cordic_acc/cordic_acc.sdk/design_acc_wrapper_hw_platform_0/system.hdf'.
14:09:40 INFO  : 'configparams force-mem-access 1' command is executed.
14:09:40 INFO  : Context for 'APU' is selected.
14:09:40 INFO  : 'stop' command is executed.
14:09:40 INFO  : 'ps7_init' command is executed.
14:09:40 INFO  : 'ps7_post_config' command is executed.
14:09:40 INFO  : Context for processor 'ps7_cortexa9_0' is selected.
14:09:40 INFO  : Processor reset is completed for 'ps7_cortexa9_0'.
14:09:40 INFO  : Context for processor 'ps7_cortexa9_0' is selected.
14:09:41 INFO  : The application 'C:/sdup/lab/3_1/cordic_acc/cordic_acc.sdk/cordic_demo_app/Debug/cordic_demo_app.elf' is downloaded to processor 'ps7_cortexa9_0'.
14:09:41 INFO  : 'configparams force-mem-access 0' command is executed.
14:09:41 INFO  : ----------------XSDB Script----------------
connect -url tcp:127.0.0.1:3121
source C:/sdup/lab/3_1/cordic_acc/cordic_acc.sdk/design_acc_wrapper_hw_platform_0/ps7_init.tcl
targets -set -nocase -filter {name =~"APU*" && jtag_cable_name =~ "Digilent Zed 210248492416"} -index 0
loadhw -hw C:/sdup/lab/3_1/cordic_acc/cordic_acc.sdk/design_acc_wrapper_hw_platform_0/system.hdf -mem-ranges [list {0x40000000 0xbfffffff}]
configparams force-mem-access 1
targets -set -nocase -filter {name =~"APU*" && jtag_cable_name =~ "Digilent Zed 210248492416"} -index 0
stop
ps7_init
ps7_post_config
targets -set -nocase -filter {name =~ "ARM*#0" && jtag_cable_name =~ "Digilent Zed 210248492416"} -index 0
rst -processor
targets -set -nocase -filter {name =~ "ARM*#0" && jtag_cable_name =~ "Digilent Zed 210248492416"} -index 0
dow C:/sdup/lab/3_1/cordic_acc/cordic_acc.sdk/cordic_demo_app/Debug/cordic_demo_app.elf
configparams force-mem-access 0
----------------End of Script----------------

14:09:41 INFO  : Memory regions updated for context APU
14:09:41 INFO  : Context for processor 'ps7_cortexa9_0' is selected.
14:09:41 INFO  : 'con' command is executed.
14:09:41 INFO  : ----------------XSDB Script (After Launch)----------------
targets -set -nocase -filter {name =~ "ARM*#0" && jtag_cable_name =~ "Digilent Zed 210248492416"} -index 0
con
----------------End of Script----------------

14:09:41 INFO  : Launch script is exported to file 'C:\sdup\lab\3_1\cordic_acc\cordic_acc.sdk\.sdk\launch_scripts\xilinx_c-c++_application_(system_debugger)\system_debugger_using_debug_cordic_demo_app.elf_on_local.tcl'
14:11:17 INFO  : Disconnected from the channel tcfchan#7.
14:11:18 INFO  : 'targets -set -filter {jtag_cable_name =~ "Digilent Zed 210248492416" && level==0} -index 1' command is executed.
14:11:18 INFO  : 'fpga -state' command is executed.
14:11:18 INFO  : Connected to target on host '127.0.0.1' and port '3121'.
14:11:18 INFO  : Jtag cable 'Digilent Zed 210248492416' is selected.
14:11:18 INFO  : 'jtag frequency' command is executed.
14:11:18 INFO  : Sourcing of 'C:/sdup/lab/3_1/cordic_acc/cordic_acc.sdk/design_acc_wrapper_hw_platform_0/ps7_init.tcl' is done.
14:11:18 INFO  : Context for 'APU' is selected.
14:11:21 INFO  : Hardware design information is loaded from 'C:/sdup/lab/3_1/cordic_acc/cordic_acc.sdk/design_acc_wrapper_hw_platform_0/system.hdf'.
14:11:21 INFO  : 'configparams force-mem-access 1' command is executed.
14:11:21 INFO  : Context for 'APU' is selected.
14:11:21 INFO  : 'stop' command is executed.
14:11:21 INFO  : 'ps7_init' command is executed.
14:11:21 INFO  : 'ps7_post_config' command is executed.
14:11:21 INFO  : Context for processor 'ps7_cortexa9_0' is selected.
14:11:22 INFO  : Processor reset is completed for 'ps7_cortexa9_0'.
14:11:22 INFO  : Context for processor 'ps7_cortexa9_0' is selected.
14:11:22 INFO  : The application 'C:/sdup/lab/3_1/cordic_acc/cordic_acc.sdk/cordic_demo_app/Debug/cordic_demo_app.elf' is downloaded to processor 'ps7_cortexa9_0'.
14:11:22 INFO  : 'configparams force-mem-access 0' command is executed.
14:11:22 INFO  : ----------------XSDB Script----------------
connect -url tcp:127.0.0.1:3121
source C:/sdup/lab/3_1/cordic_acc/cordic_acc.sdk/design_acc_wrapper_hw_platform_0/ps7_init.tcl
targets -set -nocase -filter {name =~"APU*" && jtag_cable_name =~ "Digilent Zed 210248492416"} -index 0
loadhw -hw C:/sdup/lab/3_1/cordic_acc/cordic_acc.sdk/design_acc_wrapper_hw_platform_0/system.hdf -mem-ranges [list {0x40000000 0xbfffffff}]
configparams force-mem-access 1
targets -set -nocase -filter {name =~"APU*" && jtag_cable_name =~ "Digilent Zed 210248492416"} -index 0
stop
ps7_init
ps7_post_config
targets -set -nocase -filter {name =~ "ARM*#0" && jtag_cable_name =~ "Digilent Zed 210248492416"} -index 0
rst -processor
targets -set -nocase -filter {name =~ "ARM*#0" && jtag_cable_name =~ "Digilent Zed 210248492416"} -index 0
dow C:/sdup/lab/3_1/cordic_acc/cordic_acc.sdk/cordic_demo_app/Debug/cordic_demo_app.elf
configparams force-mem-access 0
----------------End of Script----------------

14:11:22 INFO  : Memory regions updated for context APU
14:11:22 INFO  : Context for processor 'ps7_cortexa9_0' is selected.
14:11:22 INFO  : 'con' command is executed.
14:11:22 INFO  : ----------------XSDB Script (After Launch)----------------
targets -set -nocase -filter {name =~ "ARM*#0" && jtag_cable_name =~ "Digilent Zed 210248492416"} -index 0
con
----------------End of Script----------------

14:11:22 INFO  : Launch script is exported to file 'C:\sdup\lab\3_1\cordic_acc\cordic_acc.sdk\.sdk\launch_scripts\xilinx_c-c++_application_(system_debugger)\system_debugger_using_debug_cordic_demo_app.elf_on_local.tcl'
14:11:56 INFO  : Disconnected from the channel tcfchan#8.
14:11:57 INFO  : 'targets -set -filter {jtag_cable_name =~ "Digilent Zed 210248492416" && level==0} -index 1' command is executed.
14:11:57 INFO  : 'fpga -state' command is executed.
14:11:57 INFO  : Connected to target on host '127.0.0.1' and port '3121'.
14:11:58 INFO  : Jtag cable 'Digilent Zed 210248492416' is selected.
14:11:58 INFO  : 'jtag frequency' command is executed.
14:11:58 INFO  : Sourcing of 'C:/sdup/lab/3_1/cordic_acc/cordic_acc.sdk/design_acc_wrapper_hw_platform_0/ps7_init.tcl' is done.
14:11:58 INFO  : Context for 'APU' is selected.
14:12:00 INFO  : Hardware design information is loaded from 'C:/sdup/lab/3_1/cordic_acc/cordic_acc.sdk/design_acc_wrapper_hw_platform_0/system.hdf'.
14:12:00 INFO  : 'configparams force-mem-access 1' command is executed.
14:12:00 INFO  : Context for 'APU' is selected.
14:12:00 INFO  : 'stop' command is executed.
14:12:00 INFO  : 'ps7_init' command is executed.
14:12:00 INFO  : 'ps7_post_config' command is executed.
14:12:00 INFO  : Context for processor 'ps7_cortexa9_0' is selected.
14:12:00 INFO  : Processor reset is completed for 'ps7_cortexa9_0'.
14:12:00 INFO  : Context for processor 'ps7_cortexa9_0' is selected.
14:12:00 INFO  : The application 'C:/sdup/lab/3_1/cordic_acc/cordic_acc.sdk/cordic_demo_app/Debug/cordic_demo_app.elf' is downloaded to processor 'ps7_cortexa9_0'.
14:12:00 INFO  : 'configparams force-mem-access 0' command is executed.
14:12:00 INFO  : ----------------XSDB Script----------------
connect -url tcp:127.0.0.1:3121
source C:/sdup/lab/3_1/cordic_acc/cordic_acc.sdk/design_acc_wrapper_hw_platform_0/ps7_init.tcl
targets -set -nocase -filter {name =~"APU*" && jtag_cable_name =~ "Digilent Zed 210248492416"} -index 0
loadhw -hw C:/sdup/lab/3_1/cordic_acc/cordic_acc.sdk/design_acc_wrapper_hw_platform_0/system.hdf -mem-ranges [list {0x40000000 0xbfffffff}]
configparams force-mem-access 1
targets -set -nocase -filter {name =~"APU*" && jtag_cable_name =~ "Digilent Zed 210248492416"} -index 0
stop
ps7_init
ps7_post_config
targets -set -nocase -filter {name =~ "ARM*#0" && jtag_cable_name =~ "Digilent Zed 210248492416"} -index 0
rst -processor
targets -set -nocase -filter {name =~ "ARM*#0" && jtag_cable_name =~ "Digilent Zed 210248492416"} -index 0
dow C:/sdup/lab/3_1/cordic_acc/cordic_acc.sdk/cordic_demo_app/Debug/cordic_demo_app.elf
configparams force-mem-access 0
----------------End of Script----------------

14:12:01 INFO  : Memory regions updated for context APU
14:12:01 INFO  : Context for processor 'ps7_cortexa9_0' is selected.
14:12:01 INFO  : 'con' command is executed.
14:12:01 INFO  : ----------------XSDB Script (After Launch)----------------
targets -set -nocase -filter {name =~ "ARM*#0" && jtag_cable_name =~ "Digilent Zed 210248492416"} -index 0
con
----------------End of Script----------------

14:12:01 INFO  : Launch script is exported to file 'C:\sdup\lab\3_1\cordic_acc\cordic_acc.sdk\.sdk\launch_scripts\xilinx_c-c++_application_(system_debugger)\system_debugger_using_debug_cordic_demo_app.elf_on_local.tcl'
14:12:24 INFO  : Connected to target on host '127.0.0.1' and port '3121'.
14:12:24 INFO  : 'targets -set -filter {jtag_cable_name =~ "Digilent Zed 210248492416" && level==0} -index 1' command is executed.
14:12:26 INFO  : FPGA configured successfully with bitstream "C:/sdup/lab/3_1/cordic_acc/cordic_acc.sdk/design_acc_wrapper_hw_platform_0/design_acc_wrapper.bit"
14:12:31 INFO  : Disconnected from the channel tcfchan#9.
14:12:32 INFO  : 'targets -set -filter {jtag_cable_name =~ "Digilent Zed 210248492416" && level==0} -index 1' command is executed.
14:12:32 INFO  : 'fpga -state' command is executed.
14:12:32 INFO  : Connected to target on host '127.0.0.1' and port '3121'.
14:12:32 INFO  : Jtag cable 'Digilent Zed 210248492416' is selected.
14:12:32 INFO  : 'jtag frequency' command is executed.
14:12:32 INFO  : Sourcing of 'C:/sdup/lab/3_1/cordic_acc/cordic_acc.sdk/design_acc_wrapper_hw_platform_0/ps7_init.tcl' is done.
14:12:32 INFO  : Context for 'APU' is selected.
14:12:35 INFO  : Hardware design information is loaded from 'C:/sdup/lab/3_1/cordic_acc/cordic_acc.sdk/design_acc_wrapper_hw_platform_0/system.hdf'.
14:12:35 INFO  : 'configparams force-mem-access 1' command is executed.
14:12:35 INFO  : Context for 'APU' is selected.
14:12:35 INFO  : 'stop' command is executed.
14:12:35 INFO  : 'ps7_init' command is executed.
14:12:35 INFO  : 'ps7_post_config' command is executed.
14:12:35 INFO  : Context for processor 'ps7_cortexa9_0' is selected.
14:12:35 INFO  : Processor reset is completed for 'ps7_cortexa9_0'.
14:12:35 INFO  : Context for processor 'ps7_cortexa9_0' is selected.
14:12:35 INFO  : The application 'C:/sdup/lab/3_1/cordic_acc/cordic_acc.sdk/cordic_demo_app/Debug/cordic_demo_app.elf' is downloaded to processor 'ps7_cortexa9_0'.
14:12:35 INFO  : 'configparams force-mem-access 0' command is executed.
14:12:35 INFO  : ----------------XSDB Script----------------
connect -url tcp:127.0.0.1:3121
source C:/sdup/lab/3_1/cordic_acc/cordic_acc.sdk/design_acc_wrapper_hw_platform_0/ps7_init.tcl
targets -set -nocase -filter {name =~"APU*" && jtag_cable_name =~ "Digilent Zed 210248492416"} -index 0
loadhw -hw C:/sdup/lab/3_1/cordic_acc/cordic_acc.sdk/design_acc_wrapper_hw_platform_0/system.hdf -mem-ranges [list {0x40000000 0xbfffffff}]
configparams force-mem-access 1
targets -set -nocase -filter {name =~"APU*" && jtag_cable_name =~ "Digilent Zed 210248492416"} -index 0
stop
ps7_init
ps7_post_config
targets -set -nocase -filter {name =~ "ARM*#0" && jtag_cable_name =~ "Digilent Zed 210248492416"} -index 0
rst -processor
targets -set -nocase -filter {name =~ "ARM*#0" && jtag_cable_name =~ "Digilent Zed 210248492416"} -index 0
dow C:/sdup/lab/3_1/cordic_acc/cordic_acc.sdk/cordic_demo_app/Debug/cordic_demo_app.elf
configparams force-mem-access 0
----------------End of Script----------------

14:12:35 INFO  : Memory regions updated for context APU
14:12:36 INFO  : Context for processor 'ps7_cortexa9_0' is selected.
14:12:36 INFO  : 'con' command is executed.
14:12:36 INFO  : ----------------XSDB Script (After Launch)----------------
targets -set -nocase -filter {name =~ "ARM*#0" && jtag_cable_name =~ "Digilent Zed 210248492416"} -index 0
con
----------------End of Script----------------

14:12:36 INFO  : Launch script is exported to file 'C:\sdup\lab\3_1\cordic_acc\cordic_acc.sdk\.sdk\launch_scripts\xilinx_c-c++_application_(system_debugger)\system_debugger_using_debug_cordic_demo_app.elf_on_local.tcl'
14:15:09 INFO  : Disconnected from the channel tcfchan#10.
