#-----------------------------------------------------------
# Vivado v2018.3 (64-bit)
# SW Build 2405991 on Thu Dec  6 23:38:27 MST 2018
# IP Build 2404404 on Fri Dec  7 01:43:56 MST 2018
# Start of session at: Fri Apr 28 13:28:09 2023
# Process ID: 10380
# Current directory: C:/sdup/lab/5_1/stream_acc_system
# Command line: vivado.exe -gui_launcher_event rodinguilauncherevent5832 C:\sdup\lab\5_1\stream_acc_system\stream_acc_system.xpr
# Log file: C:/sdup/lab/5_1/stream_acc_system/vivado.log
# Journal file: C:/sdup/lab/5_1/stream_acc_system\vivado.jou
#-----------------------------------------------------------
start_gui
open_project C:/sdup/lab/5_1/stream_acc_system/stream_acc_system.xpr
Scanning sources...
Finished scanning sources
INFO: [IP_Flow 19-234] Refreshing IP repositories
INFO: [IP_Flow 19-1700] Loaded user IP repository 'c:/sdup/lab/5_1'.
WARNING: [IP_Flow 19-3656] If you move the project, the path for repository 'c:/sdup/lab/5_1' may become invalid. A better location for the repository would be in a path adjacent to the project. (Current project location is 'c:/sdup/lab/5_1/stream_acc_system'.)
INFO: [IP_Flow 19-2313] Loaded Vivado IP repository 'C:/MyPrograms/Vivado/Vivado/2018.3/data/ip'.
open_project: Time (s): cpu = 00:00:25 ; elapsed = 00:00:16 . Memory (MB): peak = 710.539 ; gain = 120.906
update_compile_order -fileset sources_1
launch_sdk -workspace C:/sdup/lab/5_1/stream_acc_system/stream_acc_system.sdk -hwspec C:/sdup/lab/5_1/stream_acc_system/stream_acc_system.sdk/stream_acc_design_wrapper.hdf
INFO: [Vivado 12-393] Launching SDK...
INFO: [Vivado 12-417] Running xsdk -workspace C:/sdup/lab/5_1/stream_acc_system/stream_acc_system.sdk -hwspec C:/sdup/lab/5_1/stream_acc_system/stream_acc_system.sdk/stream_acc_design_wrapper.hdf
INFO: [Vivado 12-3157] SDK launch initiated. Please check console for any further messages.
exit
INFO: [Common 17-206] Exiting Vivado at Fri Apr 28 14:14:32 2023...
