#-----------------------------------------------------------
# Vivado v2018.3 (64-bit)
# SW Build 2405991 on Thu Dec  6 23:38:27 MST 2018
# IP Build 2404404 on Fri Dec  7 01:43:56 MST 2018
# Start of session at: Fri Jun 23 10:59:09 2023
# Process ID: 19796
# Current directory: C:/New folder/sdup/lab/6/Lab6
# Command line: vivado.exe -gui_launcher_event rodinguilauncherevent18240 C:\New folder\sdup\lab\6\Lab6\Lab6.xpr
# Log file: C:/New folder/sdup/lab/6/Lab6/vivado.log
# Journal file: C:/New folder/sdup/lab/6/Lab6\vivado.jou
#-----------------------------------------------------------
start_gui
open_project {C:/New folder/sdup/lab/6/Lab6/Lab6.xpr}
INFO: [Project 1-313] Project file moved from 'C:/sdup/lab/6/Lab6' since last save.
Scanning sources...
Finished scanning sources
INFO: [IP_Flow 19-234] Refreshing IP repositories
INFO: [IP_Flow 19-1704] No user IP repositories specified
INFO: [IP_Flow 19-2313] Loaded Vivado IP repository 'C:/MyPrograms/Vivado/Vivado/2018.3/data/ip'.
open_project: Time (s): cpu = 00:00:24 ; elapsed = 00:00:10 . Memory (MB): peak = 713.227 ; gain = 122.926
update_compile_order -fileset sources_1
exit
INFO: [Common 17-206] Exiting Vivado at Fri Jun 23 11:00:08 2023...
