#-----------------------------------------------------------
# Vivado v2018.3 (64-bit)
# SW Build 2405991 on Thu Dec  6 23:38:27 MST 2018
# IP Build 2404404 on Fri Dec  7 01:43:56 MST 2018
# Start of session at: Thu May 11 21:56:50 2023
# Process ID: 11020
# Current directory: C:/sdup/lab/6/Lab6
# Command line: vivado.exe -gui_launcher_event rodinguilauncherevent20636 C:\sdup\lab\6\Lab6\Lab6.xpr
# Log file: C:/sdup/lab/6/Lab6/vivado.log
# Journal file: C:/sdup/lab/6/Lab6\vivado.jou
#-----------------------------------------------------------
start_gui
open_project C:/sdup/lab/6/Lab6/Lab6.xpr
Scanning sources...
Finished scanning sources
INFO: [IP_Flow 19-234] Refreshing IP repositories
INFO: [IP_Flow 19-1704] No user IP repositories specified
INFO: [IP_Flow 19-2313] Loaded Vivado IP repository 'C:/MyPrograms/Vivado/Vivado/2018.3/data/ip'.
open_project: Time (s): cpu = 00:00:26 ; elapsed = 00:00:30 . Memory (MB): peak = 665.453 ; gain = 102.738
update_compile_order -fileset sources_1
export_ip_user_files -of_objects  [get_files C:/sdup/lab/6/Lab6/presynthesis.wcfg] -no_script -reset -force -quiet
remove_files  -fileset sim_1 C:/sdup/lab/6/Lab6/presynthesis.wcfg
exit
INFO: [Common 17-206] Exiting Vivado at Thu May 11 22:10:05 2023...
