21:42:03 INFO  : Registering command handlers for SDK TCF services
21:42:05 INFO  : Launching XSCT server: xsct.bat -interactive C:\sdup\lab\2_4\cordic_acc\cordic_acc.sdk\temp_xsdb_launch_script.tcl
21:42:30 INFO  : XSCT server has started successfully.
21:42:30 INFO  : Successfully done setting XSCT server connection channel  
21:42:39 INFO  : Successfully done setting SDK workspace  
21:42:39 INFO  : Processing command line option -hwspec C:/sdup/lab/2_4/cordic_acc/cordic_acc.sdk/mb_design_wrapper.hdf.
22:02:39 INFO  : SDK has detected change in the last modified timestamps for source hardware specification file Source:1679000554511,  Project:1678999202633
22:02:39 INFO  : Project mb_design_wrapper_hw_platform_0's source hardware specification located at C:/sdup/lab/2_4/cordic_acc/cordic_acc.sdk/mb_design_wrapper.hdf is now different from the local copy.
		 The local copy will be replaced with the source specification and your workspace will be updated.
22:02:43 INFO  : Copied contents of C:/sdup/lab/2_4/cordic_acc/cordic_acc.sdk/mb_design_wrapper.hdf into \mb_design_wrapper_hw_platform_0\system.hdf.
22:02:43 INFO  : Synchronizing projects in the workspace with the hardware platform specification changes.
22:02:47 INFO  : 
22:02:49 INFO  : Updating hardware inferred compiler options for cordic_test.
22:02:49 INFO  : Clearing existing target manager status.
22:02:49 INFO  : Closing and re-opening the MSS file of ther project cordic_test_bsp
22:02:50 INFO  : Workspace synchronized with the new hardware specification file. Cleaning dependent projects...
22:02:52 WARN  : Linker script will not be updated automatically. Users need to update it manually.
22:08:09 INFO  : Registering command handlers for SDK TCF services
22:08:11 INFO  : Launching XSCT server: xsct.bat -interactive C:\sdup\lab\2_4\cordic_acc\cordic_acc.sdk\temp_xsdb_launch_script.tcl
22:08:18 INFO  : XSCT server has started successfully.
22:08:18 INFO  : Successfully done setting XSCT server connection channel  
22:08:18 INFO  : Successfully done setting SDK workspace  
22:08:18 INFO  : Processing command line option -hwspec C:/sdup/lab/2_4/cordic_acc/cordic_acc.sdk/mb_design_wrapper.hdf.
22:08:18 INFO  : Checking for hwspec changes in the project mb_design_wrapper_hw_platform_0.
22:08:22 INFO  : SDK has detected change in the last modified timestamps for source hardware specification file Source:1679000858575,  Project:1679000554511
22:08:22 INFO  : The hardware specification for project 'mb_design_wrapper_hw_platform_0' is different from C:/sdup/lab/2_4/cordic_acc/cordic_acc.sdk/mb_design_wrapper.hdf.
22:08:23 INFO  : Copied contents of C:/sdup/lab/2_4/cordic_acc/cordic_acc.sdk/mb_design_wrapper.hdf into \mb_design_wrapper_hw_platform_0\system.hdf.
22:08:23 INFO  : Synchronizing projects in the workspace with the hardware platform specification changes.
22:08:28 INFO  : 
22:08:29 INFO  : Updating hardware inferred compiler options for cordic_test.
22:08:29 INFO  : Clearing existing target manager status.
22:22:30 INFO  : Registering command handlers for SDK TCF services
22:22:33 INFO  : Launching XSCT server: xsct.bat -interactive C:\sdup\lab\2_4\cordic_acc\cordic_acc.sdk\temp_xsdb_launch_script.tcl
22:22:41 INFO  : XSCT server has started successfully.
22:22:42 INFO  : Successfully done setting XSCT server connection channel  
22:22:42 INFO  : Processing command line option -hwspec C:/sdup/lab/2_4/cordic_acc/cordic_acc.sdk/mb_design_wrapper.hdf.
22:22:42 INFO  : Successfully done setting SDK workspace  
22:22:42 INFO  : Checking for hwspec changes in the project mb_design_wrapper_hw_platform_0.
